# JRE version: OpenJDK Runtime Environment Temurin-21.0.6+7 (21.0.6+7) (build 21.0.6+7-LTS)
# Java VM: OpenJDK 64-Bit Server VM Temurin-21.0.6+7 (21.0.6+7-LTS, mixed mode, sharing, tiered, compressed oops, compressed class ptrs, parallel gc, windows-amd64)
GC Precious Log:
 CardTable entry size: 512
 CPUs: 12 total, 12 available
 Memory: 7914M
 Large Page Support: Disabled
 NUMA Support: Disabled
 Compressed Oops: Enabled (32-bit)
 Alignments: Space 512K, Generation 512K, Heap 2M
 Heap Min Capacity: 100M
 Heap Initial Capacity: 100M
 Heap Max Capacity: 1G
 Pre-touch: Disabled
 Parallel Workers: 10
Heap:
 PSYoungGen      total 2048K, used 1280K [0x00000000eab00000, 0x00000000eae00000, 0x0000000100000000)
  eden space 1536K, 58% used [0x00000000eab00000,0x00000000eabe0020,0x00000000eac80000)
  from space 512K, 75% used [0x00000000ead80000,0x00000000eade0000,0x00000000eae00000)
  to   space 512K, 0% used [0x00000000ead00000,0x00000000ead00000,0x00000000ead80000)
 ParOldGen       total 404480K, used 404216K [0x00000000c0000000, 0x00000000d8b00000, 0x00000000eab00000)
  object space 404480K, 99% used [0x00000000c0000000,0x00000000d8abe1e8,0x00000000d8b00000)
 Metaspace       used 48531K, committed 49728K, reserved 1114112K
  class space    used 5097K, committed 5632K, reserved 1048576K
GC Heap History (20 events):
Event: 35.199 GC heap after
{Heap after GC invocations=336 (full 2):
 PSYoungGen      total 2048K, used 384K [0x00000000eab00000, 0x00000000ead80000, 0x0000000100000000)
  eden space 1536K, 0% used [0x00000000eab00000,0x00000000eab00000,0x00000000eac80000)
  from space 512K, 75% used [0x00000000ead00000,0x00000000ead60000,0x00000000ead80000)
  to   space 512K, 0% used [0x00000000eac80000,0x00000000eac80000,0x00000000ead00000)
 ParOldGen       total 401408K, used 400921K [0x00000000c0000000, 0x00000000d8800000, 0x00000000eab00000)
  object space 401408K, 99% used [0x00000000c0000000,0x00000000d87866d8,0x00000000d8800000)
 Metaspace       used 48528K, committed 49728K, reserved 1114112K
  class space    used 5097K, committed 5632K, reserved 1048576K
}
Event: 35.204 GC heap before
{Heap before GC invocations=337 (full 2):
 PSYoungGen      total 2048K, used 1920K [0x00000000eab00000, 0x00000000ead80000, 0x0000000100000000)
  eden space 1536K, 100% used [0x00000000eab00000,0x00000000eac80000,0x00000000eac80000)
  from space 512K, 75% used [0x00000000ead00000,0x00000000ead60000,0x00000000ead80000)
  to   space 512K, 0% used [0x00000000eac80000,0x00000000eac80000,0x00000000ead00000)
 ParOldGen       total 401408K, used 400921K [0x00000000c0000000, 0x00000000d8800000, 0x00000000eab00000)
  object space 401408K, 99% used [0x00000000c0000000,0x00000000d87866d8,0x00000000d8800000)
 Metaspace       used 48528K, committed 49728K, reserved 1114112K
  class space    used 5097K, committed 5632K, reserved 1048576K
}
Event: 35.205 GC heap after
{Heap after GC invocations=337 (full 2):
 PSYoungGen      total 2048K, used 416K [0x00000000eab00000, 0x00000000ead80000, 0x0000000100000000)
  eden space 1536K, 0% used [0x00000000eab00000,0x00000000eab00000,0x00000000eac80000)
  from space 512K, 81% used [0x00000000eac80000,0x00000000eace8000,0x00000000ead00000)
  to   space 512K, 0% used [0x00000000ead00000,0x00000000ead00000,0x00000000ead80000)
 ParOldGen       total 401408K, used 401152K [0x00000000c0000000, 0x00000000d8800000, 0x00000000eab00000)
  object space 401408K, 99% used [0x00000000c0000000,0x00000000d87c01e0,0x00000000d8800000)
 Metaspace       used 48528K, committed 49728K, reserved 1114112K
  class space    used 5097K, committed 5632K, reserved 1048576K
}
Event: 35.211 GC heap before
{Heap before GC invocations=338 (full 2):
 PSYoungGen      total 2048K, used 1952K [0x00000000eab00000, 0x00000000ead80000, 0x0000000100000000)
  eden space 1536K, 100% used [0x00000000eab00000,0x00000000eac80000,0x00000000eac80000)
  from space 512K, 81% used [0x00000000eac80000,0x00000000eace8000,0x00000000ead00000)
  to   space 512K, 0% used [0x00000000ead00000,0x00000000ead00000,0x00000000ead80000)
 ParOldGen       total 401408K, used 401152K [0x00000000c0000000, 0x00000000d8800000, 0x00000000eab00000)
  object space 401408K, 99% used [0x00000000c0000000,0x00000000d87c01e0,0x00000000d8800000)
 Metaspace       used 48528K, committed 49728K, reserved 1114112K
  class space    used 5097K, committed 5632K, reserved 1048576K
}
Event: 35.212 GC heap after
{Heap after GC invocations=338 (full 2):
 PSYoungGen      total 2048K, used 416K [0x00000000eab00000, 0x00000000ead80000, 0x0000000100000000)
  eden space 1536K, 0% used [0x00000000eab00000,0x00000000eab00000,0x00000000eac80000)
  from space 512K, 81% used [0x00000000ead00000,0x00000000ead68000,0x00000000ead80000)
  to   space 512K, 0% used [0x00000000eac80000,0x00000000eac80000,0x00000000ead00000)
 ParOldGen       total 401408K, used 401368K [0x00000000c0000000, 0x00000000d8800000, 0x00000000eab00000)
  object space 401408K, 99% used [0x00000000c0000000,0x00000000d87f61e0,0x00000000d8800000)
 Metaspace       used 48528K, committed 49728K, reserved 1114112K
  class space    used 5097K, committed 5632K, reserved 1048576K
}
Event: 35.219 GC heap before
{Heap before GC invocations=339 (full 2):
 PSYoungGen      total 2048K, used 1952K [0x00000000eab00000, 0x00000000ead80000, 0x0000000100000000)
  eden space 1536K, 100% used [0x00000000eab00000,0x00000000eac80000,0x00000000eac80000)
  from space 512K, 81% used [0x00000000ead00000,0x00000000ead68000,0x00000000ead80000)
  to   space 512K, 0% used [0x00000000eac80000,0x00000000eac80000,0x00000000ead00000)
 ParOldGen       total 401408K, used 401368K [0x00000000c0000000, 0x00000000d8800000, 0x00000000eab00000)
  object space 401408K, 99% used [0x00000000c0000000,0x00000000d87f61e0,0x00000000d8800000)
 Metaspace       used 48528K, committed 49728K, reserved 1114112K
  class space    used 5097K, committed 5632K, reserved 1048576K
}
Event: 35.220 GC heap after
{Heap after GC invocations=339 (full 2):
 PSYoungGen      total 2048K, used 352K [0x00000000eab00000, 0x00000000ead80000, 0x0000000100000000)
  eden space 1536K, 0% used [0x00000000eab00000,0x00000000eab00000,0x00000000eac80000)
  from space 512K, 68% used [0x00000000eac80000,0x00000000eacd8000,0x00000000ead00000)
  to   space 512K, 0% used [0x00000000ead00000,0x00000000ead00000,0x00000000ead80000)
 ParOldGen       total 401920K, used 401584K [0x00000000c0000000, 0x00000000d8880000, 0x00000000eab00000)
  object space 401920K, 99% used [0x00000000c0000000,0x00000000d882c1e0,0x00000000d8880000)
 Metaspace       used 48528K, committed 49728K, reserved 1114112K
  class space    used 5097K, committed 5632K, reserved 1048576K
}
Event: 35.226 GC heap before
{Heap before GC invocations=340 (full 2):
 PSYoungGen      total 2048K, used 1888K [0x00000000eab00000, 0x00000000ead80000, 0x0000000100000000)
  eden space 1536K, 100% used [0x00000000eab00000,0x00000000eac80000,0x00000000eac80000)
  from space 512K, 68% used [0x00000000eac80000,0x00000000eacd8000,0x00000000ead00000)
  to   space 512K, 0% used [0x00000000ead00000,0x00000000ead00000,0x00000000ead80000)
 ParOldGen       total 401920K, used 401584K [0x00000000c0000000, 0x00000000d8880000, 0x00000000eab00000)
  object space 401920K, 99% used [0x00000000c0000000,0x00000000d882c1e0,0x00000000d8880000)
 Metaspace       used 48528K, committed 49728K, reserved 1114112K
  class space    used 5097K, committed 5632K, reserved 1048576K
}
Event: 35.227 GC heap after
{Heap after GC invocations=340 (full 2):
 PSYoungGen      total 2048K, used 384K [0x00000000eab00000, 0x00000000ead80000, 0x0000000100000000)
  eden space 1536K, 0% used [0x00000000eab00000,0x00000000eab00000,0x00000000eac80000)
  from space 512K, 75% used [0x00000000ead00000,0x00000000ead60000,0x00000000ead80000)
  to   space 512K, 0% used [0x00000000eac80000,0x00000000eac80000,0x00000000ead00000)
 ParOldGen       total 401920K, used 401816K [0x00000000c0000000, 0x00000000d8880000, 0x00000000eab00000)
  object space 401920K, 99% used [0x00000000c0000000,0x00000000d88661e0,0x00000000d8880000)
 Metaspace       used 48528K, committed 49728K, reserved 1114112K
  class space    used 5097K, committed 5632K, reserved 1048576K
}
Event: 35.239 GC heap before
{Heap before GC invocations=341 (full 2):
 PSYoungGen      total 2048K, used 1908K [0x00000000eab00000, 0x00000000ead80000, 0x0000000100000000)
  eden space 1536K, 99% used [0x00000000eab00000,0x00000000eac7d248,0x00000000eac80000)
  from space 512K, 75% used [0x00000000ead00000,0x00000000ead60000,0x00000000ead80000)
  to   space 512K, 0% used [0x00000000eac80000,0x00000000eac80000,0x00000000ead00000)
 ParOldGen       total 401920K, used 401816K [0x00000000c0000000, 0x00000000d8880000, 0x00000000eab00000)
  object space 401920K, 99% used [0x00000000c0000000,0x00000000d88661e0,0x00000000d8880000)
 Metaspace       used 48528K, committed 49728K, reserved 1114112K
  class space    used 5097K, committed 5632K, reserved 1048576K
}
Event: 35.240 GC heap after
{Heap after GC invocations=341 (full 2):
 PSYoungGen      total 2048K, used 352K [0x00000000eab00000, 0x00000000ead80000, 0x0000000100000000)
  eden space 1536K, 0% used [0x00000000eab00000,0x00000000eab00000,0x00000000eac80000)
  from space 512K, 68% used [0x00000000eac80000,0x00000000eacd8000,0x00000000ead00000)
  to   space 512K, 0% used [0x00000000ead00000,0x00000000ead00000,0x00000000ead80000)
 ParOldGen       total 402432K, used 402024K [0x00000000c0000000, 0x00000000d8900000, 0x00000000eab00000)
  object space 402432K, 99% used [0x00000000c0000000,0x00000000d889a1e0,0x00000000d8900000)
 Metaspace       used 48528K, committed 49728K, reserved 1114112K
  class space    used 5097K, committed 5632K, reserved 1048576K
}
Event: 35.249 GC heap before
{Heap before GC invocations=342 (full 2):
 PSYoungGen      total 2048K, used 1888K [0x00000000eab00000, 0x00000000ead80000, 0x0000000100000000)
  eden space 1536K, 100% used [0x00000000eab00000,0x00000000eac80000,0x00000000eac80000)
  from space 512K, 68% used [0x00000000eac80000,0x00000000eacd8000,0x00000000ead00000)
  to   space 512K, 0% used [0x00000000ead00000,0x00000000ead00000,0x00000000ead80000)
 ParOldGen       total 402432K, used 402024K [0x00000000c0000000, 0x00000000d8900000, 0x00000000eab00000)
  object space 402432K, 99% used [0x00000000c0000000,0x00000000d889a1e0,0x00000000d8900000)
 Metaspace       used 48528K, committed 49728K, reserved 1114112K
  class space    used 5097K, committed 5632K, reserved 1048576K
}
Event: 35.251 GC heap after
{Heap after GC invocations=342 (full 2):
 PSYoungGen      total 2048K, used 416K [0x00000000eab00000, 0x00000000ead80000, 0x0000000100000000)
  eden space 1536K, 0% used [0x00000000eab00000,0x00000000eab00000,0x00000000eac80000)
  from space 512K, 81% used [0x00000000ead00000,0x00000000ead68000,0x00000000ead80000)
  to   space 512K, 0% used [0x00000000eac80000,0x00000000eac80000,0x00000000ead00000)
 ParOldGen       total 402432K, used 402224K [0x00000000c0000000, 0x00000000d8900000, 0x00000000eab00000)
  object space 402432K, 99% used [0x00000000c0000000,0x00000000d88cc1e0,0x00000000d8900000)
 Metaspace       used 48528K, committed 49728K, reserved 1114112K
  class space    used 5097K, committed 5632K, reserved 1048576K
}
Event: 35.264 GC heap before
{Heap before GC invocations=343 (full 2):
 PSYoungGen      total 2048K, used 1936K [0x00000000eab00000, 0x00000000ead80000, 0x0000000100000000)
  eden space 1536K, 98% used [0x00000000eab00000,0x00000000eac7c120,0x00000000eac80000)
  from space 512K, 81% used [0x00000000ead00000,0x00000000ead68000,0x00000000ead80000)
  to   space 512K, 0% used [0x00000000eac80000,0x00000000eac80000,0x00000000ead00000)
 ParOldGen       total 402432K, used 402224K [0x00000000c0000000, 0x00000000d8900000, 0x00000000eab00000)
  object space 402432K, 99% used [0x00000000c0000000,0x00000000d88cc1e0,0x00000000d8900000)
 Metaspace       used 48528K, committed 49728K, reserved 1114112K
  class space    used 5097K, committed 5632K, reserved 1048576K
}
Event: 35.266 GC heap after
{Heap after GC invocations=343 (full 2):
 PSYoungGen      total 2048K, used 320K [0x00000000eab00000, 0x00000000ead80000, 0x0000000100000000)
  eden space 1536K, 0% used [0x00000000eab00000,0x00000000eab00000,0x00000000eac80000)
  from space 512K, 62% used [0x00000000eac80000,0x00000000eacd0000,0x00000000ead00000)
  to   space 512K, 0% used [0x00000000ead00000,0x00000000ead00000,0x00000000ead80000)
 ParOldGen       total 402944K, used 402456K [0x00000000c0000000, 0x00000000d8980000, 0x00000000eab00000)
  object space 402944K, 99% used [0x00000000c0000000,0x00000000d89061e0,0x00000000d8980000)
 Metaspace       used 48528K, committed 49728K, reserved 1114112K
  class space    used 5097K, committed 5632K, reserved 1048576K
}
Event: 35.275 GC heap before
{Heap before GC invocations=344 (full 2):
 PSYoungGen      total 2048K, used 1856K [0x00000000eab00000, 0x00000000ead80000, 0x0000000100000000)
  eden space 1536K, 100% used [0x00000000eab00000,0x00000000eac80000,0x00000000eac80000)
  from space 512K, 62% used [0x00000000eac80000,0x00000000eacd0000,0x00000000ead00000)
  to   space 512K, 0% used [0x00000000ead00000,0x00000000ead00000,0x00000000ead80000)
 ParOldGen       total 402944K, used 402456K [0x00000000c0000000, 0x00000000d8980000, 0x00000000eab00000)
  object space 402944K, 99% used [0x00000000c0000000,0x00000000d89061e0,0x00000000d8980000)
 Metaspace       used 48528K, committed 49728K, reserved 1114112K
  class space    used 5097K, committed 5632K, reserved 1048576K
}
Event: 35.276 GC heap after
{Heap after GC invocations=344 (full 2):
 PSYoungGen      total 2048K, used 320K [0x00000000eab00000, 0x00000000ead80000, 0x0000000100000000)
  eden space 1536K, 0% used [0x00000000eab00000,0x00000000eab00000,0x00000000eac80000)
  from space 512K, 62% used [0x00000000ead00000,0x00000000ead50000,0x00000000ead80000)
  to   space 512K, 0% used [0x00000000eac80000,0x00000000eac80000,0x00000000ead00000)
 ParOldGen       total 402944K, used 402696K [0x00000000c0000000, 0x00000000d8980000, 0x00000000eab00000)
  object space 402944K, 99% used [0x00000000c0000000,0x00000000d89421e0,0x00000000d8980000)
 Metaspace       used 48528K, committed 49728K, reserved 1114112K
  class space    used 5097K, committed 5632K, reserved 1048576K
}
Event: 35.289 GC heap before
{Heap before GC invocations=345 (full 2):
 PSYoungGen      total 2048K, used 1856K [0x00000000eab00000, 0x00000000ead80000, 0x0000000100000000)
  eden space 1536K, 100% used [0x00000000eab00000,0x00000000eac80000,0x00000000eac80000)
  from space 512K, 62% used [0x00000000ead00000,0x00000000ead50000,0x00000000ead80000)
  to   space 512K, 0% used [0x00000000eac80000,0x00000000eac80000,0x00000000ead00000)
 ParOldGen       total 402944K, used 402696K [0x00000000c0000000, 0x00000000d8980000, 0x00000000eab00000)
  object space 402944K, 99% used [0x00000000c0000000,0x00000000d89421e0,0x00000000d8980000)
 Metaspace       used 48528K, committed 49728K, reserved 1114112K
  class space    used 5097K, committed 5632K, reserved 1048576K
}
Event: 35.291 GC heap after
{Heap after GC invocations=345 (full 2):
 PSYoungGen      total 2048K, used 320K [0x00000000eab00000, 0x00000000ead80000, 0x0000000100000000)
  eden space 1536K, 0% used [0x00000000eab00000,0x00000000eab00000,0x00000000eac80000)
  from space 512K, 62% used [0x00000000eac80000,0x00000000eacd0000,0x00000000ead00000)
  to   space 512K, 0% used [0x00000000ead00000,0x00000000ead00000,0x00000000ead80000)
 ParOldGen       total 402944K, used 402920K [0x00000000c0000000, 0x00000000d8980000, 0x00000000eab00000)
  object space 402944K, 99% used [0x00000000c0000000,0x00000000d897a1e0,0x00000000d8980000)
 Metaspace       used 48528K, committed 49728K, reserved 1114112K
  class space    used 5097K, committed 5632K, reserved 1048576K
}
Event: 35.299 GC heap before
{Heap before GC invocations=346 (full 2):
 PSYoungGen      total 2048K, used 1856K [0x00000000eab00000, 0x00000000ead80000, 0x0000000100000000)
  eden space 1536K, 100% used [0x00000000eab00000,0x00000000eac80000,0x00000000eac80000)
  from space 512K, 62% used [0x00000000eac80000,0x00000000eacd0000,0x00000000ead00000)
  to   space 512K, 0% used [0x00000000ead00000,0x00000000ead00000,0x00000000ead80000)
 ParOldGen       total 402944K, used 402920K [0x00000000c0000000, 0x00000000d8980000, 0x00000000eab00000)
  object space 402944K, 99% used [0x00000000c0000000,0x00000000d897a1e0,0x00000000d8980000)
 Metaspace       used 48528K, committed 49728K, reserved 1114112K
  class space    used 5097K, committed 5632K, reserved 1048576K
}

