# JRE version: OpenJDK Runtime Environment Temurin-21.0.6+7 (21.0.6+7) (build 21.0.6+7-LTS)
# Java VM: OpenJDK 64-Bit Server VM Temurin-21.0.6+7 (21.0.6+7-LTS, mixed mode, sharing, tiered, compressed oops, compressed class ptrs, parallel gc, windows-amd64)
GC Precious Log:
 CardTable entry size: 512
 CPUs: 12 total, 12 available
 Memory: 7914M
 Large Page Support: Disabled
 NUMA Support: Disabled
 Compressed Oops: Enabled (32-bit)
 Alignments: Space 512K, Generation 512K, Heap 2M
 Heap Min Capacity: 100M
 Heap Initial Capacity: 100M
 Heap Max Capacity: 1G
 Pre-touch: Disabled
 Parallel Workers: 10
Heap:
 PSYoungGen      total 7680K, used 1520K [0x00000000eab00000, 0x00000000eb500000, 0x0000000100000000)
  eden space 6144K, 0% used [0x00000000eab00000,0x00000000eab00000,0x00000000eb100000)
  from space 1536K, 98% used [0x00000000eb100000,0x00000000eb27c240,0x00000000eb280000)
  to   space 2048K, 0% used [0x00000000eb280000,0x00000000eb280000,0x00000000eb480000)
 ParOldGen       total 278528K, used 278506K [0x00000000c0000000, 0x00000000d1000000, 0x00000000eab00000)
  object space 278528K, 99% used [0x00000000c0000000,0x00000000d0ffab80,0x00000000d1000000)
 Metaspace       used 57475K, committed 58816K, reserved 1114112K
  class space    used 6011K, committed 6592K, reserved 1048576K
GC Heap History (20 events):
Event: 6.713 GC heap after
{Heap after GC invocations=224 (full 2):
 PSYoungGen      total 7680K, used 1230K [0x00000000eab00000, 0x00000000eb500000, 0x0000000100000000)
  eden space 6144K, 0% used [0x00000000eab00000,0x00000000eab00000,0x00000000eb100000)
  from space 1536K, 80% used [0x00000000eb380000,0x00000000eb4b39f8,0x00000000eb500000)
  to   space 1536K, 0% used [0x00000000eb200000,0x00000000eb200000,0x00000000eb380000)
 ParOldGen       total 264704K, used 264680K [0x00000000c0000000, 0x00000000d0280000, 0x00000000eab00000)
  object space 264704K, 99% used [0x00000000c0000000,0x00000000d027a128,0x00000000d0280000)
 Metaspace       used 56791K, committed 58112K, reserved 1114112K
  class space    used 5947K, committed 6528K, reserved 1048576K
}
Event: 6.727 GC heap before
{Heap before GC invocations=225 (full 2):
 PSYoungGen      total 7680K, used 7374K [0x00000000eab00000, 0x00000000eb500000, 0x0000000100000000)
  eden space 6144K, 100% used [0x00000000eab00000,0x00000000eb100000,0x00000000eb100000)
  from space 1536K, 80% used [0x00000000eb380000,0x00000000eb4b39f8,0x00000000eb500000)
  to   space 1536K, 0% used [0x00000000eb200000,0x00000000eb200000,0x00000000eb380000)
 ParOldGen       total 264704K, used 264680K [0x00000000c0000000, 0x00000000d0280000, 0x00000000eab00000)
  object space 264704K, 99% used [0x00000000c0000000,0x00000000d027a128,0x00000000d0280000)
 Metaspace       used 56998K, committed 58304K, reserved 1114112K
  class space    used 5968K, committed 6528K, reserved 1048576K
}
Event: 6.729 GC heap after
{Heap after GC invocations=225 (full 2):
 PSYoungGen      total 7680K, used 1337K [0x00000000eab00000, 0x00000000eb400000, 0x0000000100000000)
  eden space 6144K, 0% used [0x00000000eab00000,0x00000000eab00000,0x00000000eb100000)
  from space 1536K, 87% used [0x00000000eb200000,0x00000000eb34e508,0x00000000eb380000)
  to   space 512K, 0% used [0x00000000eb380000,0x00000000eb380000,0x00000000eb400000)
 ParOldGen       total 266240K, used 265769K [0x00000000c0000000, 0x00000000d0400000, 0x00000000eab00000)
  object space 266240K, 99% used [0x00000000c0000000,0x00000000d038a408,0x00000000d0400000)
 Metaspace       used 56998K, committed 58304K, reserved 1114112K
  class space    used 5968K, committed 6528K, reserved 1048576K
}
Event: 6.738 GC heap before
{Heap before GC invocations=226 (full 2):
 PSYoungGen      total 7680K, used 7481K [0x00000000eab00000, 0x00000000eb400000, 0x0000000100000000)
  eden space 6144K, 100% used [0x00000000eab00000,0x00000000eb100000,0x00000000eb100000)
  from space 1536K, 87% used [0x00000000eb200000,0x00000000eb34e508,0x00000000eb380000)
  to   space 512K, 0% used [0x00000000eb380000,0x00000000eb380000,0x00000000eb400000)
 ParOldGen       total 266240K, used 265769K [0x00000000c0000000, 0x00000000d0400000, 0x00000000eab00000)
  object space 266240K, 99% used [0x00000000c0000000,0x00000000d038a408,0x00000000d0400000)
 Metaspace       used 57122K, committed 58432K, reserved 1114112K
  class space    used 5976K, committed 6528K, reserved 1048576K
}
Event: 6.739 GC heap after
{Heap after GC invocations=226 (full 2):
 PSYoungGen      total 6144K, used 512K [0x00000000eab00000, 0x00000000eb700000, 0x0000000100000000)
  eden space 5632K, 0% used [0x00000000eab00000,0x00000000eab00000,0x00000000eb080000)
  from space 512K, 100% used [0x00000000eb380000,0x00000000eb400000,0x00000000eb400000)
  to   space 3072K, 0% used [0x00000000eb080000,0x00000000eb080000,0x00000000eb380000)
 ParOldGen       total 267776K, used 267717K [0x00000000c0000000, 0x00000000d0580000, 0x00000000eab00000)
  object space 267776K, 99% used [0x00000000c0000000,0x00000000d05717a0,0x00000000d0580000)
 Metaspace       used 57122K, committed 58432K, reserved 1114112K
  class space    used 5976K, committed 6528K, reserved 1048576K
}
Event: 6.748 GC heap before
{Heap before GC invocations=227 (full 2):
 PSYoungGen      total 6144K, used 6144K [0x00000000eab00000, 0x00000000eb700000, 0x0000000100000000)
  eden space 5632K, 100% used [0x00000000eab00000,0x00000000eb080000,0x00000000eb080000)
  from space 512K, 100% used [0x00000000eb380000,0x00000000eb400000,0x00000000eb400000)
  to   space 3072K, 0% used [0x00000000eb080000,0x00000000eb080000,0x00000000eb380000)
 ParOldGen       total 267776K, used 267717K [0x00000000c0000000, 0x00000000d0580000, 0x00000000eab00000)
  object space 267776K, 99% used [0x00000000c0000000,0x00000000d05717a0,0x00000000d0580000)
 Metaspace       used 57168K, committed 58496K, reserved 1114112K
  class space    used 5980K, committed 6528K, reserved 1048576K
}
Event: 6.750 GC heap after
{Heap after GC invocations=227 (full 2):
 PSYoungGen      total 7168K, used 1383K [0x00000000eab00000, 0x00000000eb480000, 0x0000000100000000)
  eden space 5632K, 0% used [0x00000000eab00000,0x00000000eab00000,0x00000000eb080000)
  from space 1536K, 90% used [0x00000000eb080000,0x00000000eb1d9f88,0x00000000eb200000)
  to   space 2048K, 0% used [0x00000000eb280000,0x00000000eb280000,0x00000000eb480000)
 ParOldGen       total 268288K, used 268269K [0x00000000c0000000, 0x00000000d0600000, 0x00000000eab00000)
  object space 268288K, 99% used [0x00000000c0000000,0x00000000d05fb468,0x00000000d0600000)
 Metaspace       used 57168K, committed 58496K, reserved 1114112K
  class space    used 5980K, committed 6528K, reserved 1048576K
}
Event: 6.762 GC heap before
{Heap before GC invocations=228 (full 2):
 PSYoungGen      total 7168K, used 7015K [0x00000000eab00000, 0x00000000eb480000, 0x0000000100000000)
  eden space 5632K, 100% used [0x00000000eab00000,0x00000000eb080000,0x00000000eb080000)
  from space 1536K, 90% used [0x00000000eb080000,0x00000000eb1d9f88,0x00000000eb200000)
  to   space 2048K, 0% used [0x00000000eb280000,0x00000000eb280000,0x00000000eb480000)
 ParOldGen       total 268288K, used 268269K [0x00000000c0000000, 0x00000000d0600000, 0x00000000eab00000)
  object space 268288K, 99% used [0x00000000c0000000,0x00000000d05fb468,0x00000000d0600000)
 Metaspace       used 57237K, committed 58624K, reserved 1114112K
  class space    used 5986K, committed 6592K, reserved 1048576K
}
Event: 6.764 GC heap after
{Heap after GC invocations=228 (full 2):
 PSYoungGen      total 7168K, used 1488K [0x00000000eab00000, 0x00000000eb400000, 0x0000000100000000)
  eden space 5632K, 0% used [0x00000000eab00000,0x00000000eab00000,0x00000000eb080000)
  from space 1536K, 96% used [0x00000000eb280000,0x00000000eb3f43a0,0x00000000eb400000)
  to   space 1536K, 0% used [0x00000000eb080000,0x00000000eb080000,0x00000000eb200000)
 ParOldGen       total 269824K, used 269454K [0x00000000c0000000, 0x00000000d0780000, 0x00000000eab00000)
  object space 269824K, 99% used [0x00000000c0000000,0x00000000d0723bf0,0x00000000d0780000)
 Metaspace       used 57237K, committed 58624K, reserved 1114112K
  class space    used 5986K, committed 6592K, reserved 1048576K
}
Event: 6.774 GC heap before
{Heap before GC invocations=229 (full 2):
 PSYoungGen      total 7168K, used 7107K [0x00000000eab00000, 0x00000000eb400000, 0x0000000100000000)
  eden space 5632K, 99% used [0x00000000eab00000,0x00000000eb07cb50,0x00000000eb080000)
  from space 1536K, 96% used [0x00000000eb280000,0x00000000eb3f43a0,0x00000000eb400000)
  to   space 1536K, 0% used [0x00000000eb080000,0x00000000eb080000,0x00000000eb200000)
 ParOldGen       total 269824K, used 269454K [0x00000000c0000000, 0x00000000d0780000, 0x00000000eab00000)
  object space 269824K, 99% used [0x00000000c0000000,0x00000000d0723bf0,0x00000000d0780000)
 Metaspace       used 57298K, committed 58624K, reserved 1114112K
  class space    used 5995K, committed 6592K, reserved 1048576K
}
Event: 6.776 GC heap after
{Heap after GC invocations=229 (full 2):
 PSYoungGen      total 7168K, used 1439K [0x00000000eab00000, 0x00000000eb380000, 0x0000000100000000)
  eden space 5632K, 0% used [0x00000000eab00000,0x00000000eab00000,0x00000000eb080000)
  from space 1536K, 93% used [0x00000000eb080000,0x00000000eb1e7e30,0x00000000eb200000)
  to   space 1536K, 0% used [0x00000000eb200000,0x00000000eb200000,0x00000000eb380000)
 ParOldGen       total 270848K, used 270797K [0x00000000c0000000, 0x00000000d0880000, 0x00000000eab00000)
  object space 270848K, 99% used [0x00000000c0000000,0x00000000d0873598,0x00000000d0880000)
 Metaspace       used 57298K, committed 58624K, reserved 1114112K
  class space    used 5995K, committed 6592K, reserved 1048576K
}
Event: 6.787 GC heap before
{Heap before GC invocations=230 (full 2):
 PSYoungGen      total 7168K, used 7071K [0x00000000eab00000, 0x00000000eb380000, 0x0000000100000000)
  eden space 5632K, 100% used [0x00000000eab00000,0x00000000eb080000,0x00000000eb080000)
  from space 1536K, 93% used [0x00000000eb080000,0x00000000eb1e7e30,0x00000000eb200000)
  to   space 1536K, 0% used [0x00000000eb200000,0x00000000eb200000,0x00000000eb380000)
 ParOldGen       total 270848K, used 270797K [0x00000000c0000000, 0x00000000d0880000, 0x00000000eab00000)
  object space 270848K, 99% used [0x00000000c0000000,0x00000000d0873598,0x00000000d0880000)
 Metaspace       used 57339K, committed 58688K, reserved 1114112K
  class space    used 5999K, committed 6592K, reserved 1048576K
}
Event: 6.790 GC heap after
{Heap after GC invocations=230 (full 2):
 PSYoungGen      total 7168K, used 1408K [0x00000000eab00000, 0x00000000eb380000, 0x0000000100000000)
  eden space 5632K, 0% used [0x00000000eab00000,0x00000000eab00000,0x00000000eb080000)
  from space 1536K, 91% used [0x00000000eb200000,0x00000000eb360000,0x00000000eb380000)
  to   space 1536K, 0% used [0x00000000eb080000,0x00000000eb080000,0x00000000eb200000)
 ParOldGen       total 272384K, used 272111K [0x00000000c0000000, 0x00000000d0a00000, 0x00000000eab00000)
  object space 272384K, 99% used [0x00000000c0000000,0x00000000d09bbcf0,0x00000000d0a00000)
 Metaspace       used 57339K, committed 58688K, reserved 1114112K
  class space    used 5999K, committed 6592K, reserved 1048576K
}
Event: 6.806 GC heap before
{Heap before GC invocations=231 (full 2):
 PSYoungGen      total 7168K, used 7040K [0x00000000eab00000, 0x00000000eb380000, 0x0000000100000000)
  eden space 5632K, 100% used [0x00000000eab00000,0x00000000eb080000,0x00000000eb080000)
  from space 1536K, 91% used [0x00000000eb200000,0x00000000eb360000,0x00000000eb380000)
  to   space 1536K, 0% used [0x00000000eb080000,0x00000000eb080000,0x00000000eb200000)
 ParOldGen       total 272384K, used 272111K [0x00000000c0000000, 0x00000000d0a00000, 0x00000000eab00000)
  object space 272384K, 99% used [0x00000000c0000000,0x00000000d09bbcf0,0x00000000d0a00000)
 Metaspace       used 57396K, committed 58752K, reserved 1114112K
  class space    used 6009K, committed 6592K, reserved 1048576K
}
Event: 6.808 GC heap after
{Heap after GC invocations=231 (full 2):
 PSYoungGen      total 7168K, used 1343K [0x00000000eab00000, 0x00000000eb380000, 0x0000000100000000)
  eden space 5632K, 0% used [0x00000000eab00000,0x00000000eab00000,0x00000000eb080000)
  from space 1536K, 87% used [0x00000000eb080000,0x00000000eb1cffc8,0x00000000eb200000)
  to   space 1536K, 0% used [0x00000000eb200000,0x00000000eb200000,0x00000000eb380000)
 ParOldGen       total 273408K, used 273396K [0x00000000c0000000, 0x00000000d0b00000, 0x00000000eab00000)
  object space 273408K, 99% used [0x00000000c0000000,0x00000000d0afd158,0x00000000d0b00000)
 Metaspace       used 57396K, committed 58752K, reserved 1114112K
  class space    used 6009K, committed 6592K, reserved 1048576K
}
Event: 6.819 GC heap before
{Heap before GC invocations=232 (full 2):
 PSYoungGen      total 7168K, used 6975K [0x00000000eab00000, 0x00000000eb380000, 0x0000000100000000)
  eden space 5632K, 100% used [0x00000000eab00000,0x00000000eb080000,0x00000000eb080000)
  from space 1536K, 87% used [0x00000000eb080000,0x00000000eb1cffc8,0x00000000eb200000)
  to   space 1536K, 0% used [0x00000000eb200000,0x00000000eb200000,0x00000000eb380000)
 ParOldGen       total 273408K, used 273396K [0x00000000c0000000, 0x00000000d0b00000, 0x00000000eab00000)
  object space 273408K, 99% used [0x00000000c0000000,0x00000000d0afd158,0x00000000d0b00000)
 Metaspace       used 57419K, committed 58752K, reserved 1114112K
  class space    used 6009K, committed 6592K, reserved 1048576K
}
Event: 6.820 GC heap after
{Heap after GC invocations=232 (full 2):
 PSYoungGen      total 7168K, used 1411K [0x00000000eab00000, 0x00000000eb380000, 0x0000000100000000)
  eden space 5632K, 0% used [0x00000000eab00000,0x00000000eab00000,0x00000000eb080000)
  from space 1536K, 91% used [0x00000000eb200000,0x00000000eb360fd8,0x00000000eb380000)
  to   space 1536K, 0% used [0x00000000eb080000,0x00000000eb080000,0x00000000eb200000)
 ParOldGen       total 274944K, used 274580K [0x00000000c0000000, 0x00000000d0c80000, 0x00000000eab00000)
  object space 274944K, 99% used [0x00000000c0000000,0x00000000d0c250a0,0x00000000d0c80000)
 Metaspace       used 57419K, committed 58752K, reserved 1114112K
  class space    used 6009K, committed 6592K, reserved 1048576K
}
Event: 6.830 GC heap before
{Heap before GC invocations=233 (full 2):
 PSYoungGen      total 7168K, used 7043K [0x00000000eab00000, 0x00000000eb380000, 0x0000000100000000)
  eden space 5632K, 100% used [0x00000000eab00000,0x00000000eb080000,0x00000000eb080000)
  from space 1536K, 91% used [0x00000000eb200000,0x00000000eb360fd8,0x00000000eb380000)
  to   space 1536K, 0% used [0x00000000eb080000,0x00000000eb080000,0x00000000eb200000)
 ParOldGen       total 274944K, used 274580K [0x00000000c0000000, 0x00000000d0c80000, 0x00000000eab00000)
  object space 274944K, 99% used [0x00000000c0000000,0x00000000d0c250a0,0x00000000d0c80000)
 Metaspace       used 57451K, committed 58816K, reserved 1114112K
  class space    used 6010K, committed 6592K, reserved 1048576K
}
Event: 6.832 GC heap after
{Heap after GC invocations=233 (full 2):
 PSYoungGen      total 7168K, used 1521K [0x00000000eab00000, 0x00000000eb480000, 0x0000000100000000)
  eden space 5632K, 0% used [0x00000000eab00000,0x00000000eab00000,0x00000000eb080000)
  from space 1536K, 99% used [0x00000000eb080000,0x00000000eb1fc4d8,0x00000000eb200000)
  to   space 2048K, 0% used [0x00000000eb280000,0x00000000eb280000,0x00000000eb480000)
 ParOldGen       total 275968K, used 275829K [0x00000000c0000000, 0x00000000d0d80000, 0x00000000eab00000)
  object space 275968K, 99% used [0x00000000c0000000,0x00000000d0d5d7b8,0x00000000d0d80000)
 Metaspace       used 57451K, committed 58816K, reserved 1114112K
  class space    used 6010K, committed 6592K, reserved 1048576K
}
Event: 6.845 GC heap before
{Heap before GC invocations=234 (full 2):
 PSYoungGen      total 7168K, used 7153K [0x00000000eab00000, 0x00000000eb480000, 0x0000000100000000)
  eden space 5632K, 100% used [0x00000000eab00000,0x00000000eb080000,0x00000000eb080000)
  from space 1536K, 99% used [0x00000000eb080000,0x00000000eb1fc4d8,0x00000000eb200000)
  to   space 2048K, 0% used [0x00000000eb280000,0x00000000eb280000,0x00000000eb480000)
 ParOldGen       total 275968K, used 275829K [0x00000000c0000000, 0x00000000d0d80000, 0x00000000eab00000)
  object space 275968K, 99% used [0x00000000c0000000,0x00000000d0d5d7b8,0x00000000d0d80000)
 Metaspace       used 57462K, committed 58816K, reserved 1114112K
  class space    used 6010K, committed 6592K, reserved 1048576K
}

