# JRE version: OpenJDK Runtime Environment Temurin-21.0.6+7 (21.0.6+7) (build 21.0.6+7-LTS)
# Java VM: OpenJDK 64-Bit Server VM Temurin-21.0.6+7 (21.0.6+7-LTS, mixed mode, sharing, tiered, compressed oops, compressed class ptrs, parallel gc, windows-amd64)
GC Precious Log:
 CardTable entry size: 512
 CPUs: 12 total, 12 available
 Memory: 7914M
 Large Page Support: Disabled
 NUMA Support: Disabled
 Compressed Oops: Enabled (32-bit)
 Alignments: Space 512K, Generation 512K, Heap 2M
 Heap Min Capacity: 100M
 Heap Initial Capacity: 100M
 Heap Max Capacity: 1G
 Pre-touch: Disabled
 Parallel Workers: 10
Heap:
 PSYoungGen      total 22528K, used 22450K [0x00000000eab00000, 0x00000000ec900000, 0x0000000100000000)
  eden space 18944K, 100% used [0x00000000eab00000,0x00000000ebd80000,0x00000000ebd80000)
  from space 3584K, 97% used [0x00000000ec580000,0x00000000ec8eca68,0x00000000ec900000)
  to   space 5120K, 63% used [0x00000000ebf00000,0x00000000ec22d358,0x00000000ec400000)
 ParOldGen       total 125440K, used 125438K [0x00000000c0000000, 0x00000000c7a80000, 0x00000000eab00000)
  object space 125440K, 99% used [0x00000000c0000000,0x00000000c7a7fa78,0x00000000c7a80000)
 Metaspace       used 51284K, committed 52544K, reserved 1114112K
  class space    used 5399K, committed 5952K, reserved 1048576K
GC Heap History (20 events):
Event: 5.686 GC heap after
{Heap after GC invocations=43 (full 2):
 PSYoungGen      total 20480K, used 4594K [0x00000000eab00000, 0x00000000ece80000, 0x0000000100000000)
  eden space 15872K, 0% used [0x00000000eab00000,0x00000000eab00000,0x00000000eba80000)
  from space 4608K, 99% used [0x00000000ebc00000,0x00000000ec07cac8,0x00000000ec080000)
  to   space 10240K, 0% used [0x00000000ec480000,0x00000000ec480000,0x00000000ece80000)
 ParOldGen       total 89088K, used 88961K [0x00000000c0000000, 0x00000000c5700000, 0x00000000eab00000)
  object space 89088K, 99% used [0x00000000c0000000,0x00000000c56e0538,0x00000000c5700000)
 Metaspace       used 48900K, committed 50176K, reserved 1114112K
  class space    used 5154K, committed 5696K, reserved 1048576K
}
Event: 5.724 GC heap before
{Heap before GC invocations=44 (full 2):
 PSYoungGen      total 20480K, used 20466K [0x00000000eab00000, 0x00000000ece80000, 0x0000000100000000)
  eden space 15872K, 100% used [0x00000000eab00000,0x00000000eba80000,0x00000000eba80000)
  from space 4608K, 99% used [0x00000000ebc00000,0x00000000ec07cac8,0x00000000ec080000)
  to   space 10240K, 0% used [0x00000000ec480000,0x00000000ec480000,0x00000000ece80000)
 ParOldGen       total 89088K, used 88961K [0x00000000c0000000, 0x00000000c5700000, 0x00000000eab00000)
  object space 89088K, 99% used [0x00000000c0000000,0x00000000c56e0538,0x00000000c5700000)
 Metaspace       used 48924K, committed 50304K, reserved 1114112K
  class space    used 5158K, committed 5760K, reserved 1048576K
}
Event: 5.730 GC heap after
{Heap after GC invocations=44 (full 2):
 PSYoungGen      total 22016K, used 6036K [0x00000000eab00000, 0x00000000eca80000, 0x0000000100000000)
  eden space 15872K, 0% used [0x00000000eab00000,0x00000000eab00000,0x00000000eba80000)
  from space 6144K, 98% used [0x00000000ec480000,0x00000000eca652b0,0x00000000eca80000)
  to   space 7168K, 0% used [0x00000000ebc80000,0x00000000ebc80000,0x00000000ec380000)
 ParOldGen       total 93696K, used 93482K [0x00000000c0000000, 0x00000000c5b80000, 0x00000000eab00000)
  object space 93696K, 99% used [0x00000000c0000000,0x00000000c5b4ab80,0x00000000c5b80000)
 Metaspace       used 48924K, committed 50304K, reserved 1114112K
  class space    used 5158K, committed 5760K, reserved 1048576K
}
Event: 5.778 GC heap before
{Heap before GC invocations=45 (full 2):
 PSYoungGen      total 22016K, used 21908K [0x00000000eab00000, 0x00000000eca80000, 0x0000000100000000)
  eden space 15872K, 100% used [0x00000000eab00000,0x00000000eba80000,0x00000000eba80000)
  from space 6144K, 98% used [0x00000000ec480000,0x00000000eca652b0,0x00000000eca80000)
  to   space 7168K, 0% used [0x00000000ebc80000,0x00000000ebc80000,0x00000000ec380000)
 ParOldGen       total 93696K, used 93482K [0x00000000c0000000, 0x00000000c5b80000, 0x00000000eab00000)
  object space 93696K, 99% used [0x00000000c0000000,0x00000000c5b4ab98,0x00000000c5b80000)
 Metaspace       used 49157K, committed 50496K, reserved 1114112K
  class space    used 5174K, committed 5760K, reserved 1048576K
}
Event: 5.783 GC heap after
{Heap after GC invocations=45 (full 2):
 PSYoungGen      total 19456K, used 3508K [0x00000000eab00000, 0x00000000ec500000, 0x0000000100000000)
  eden space 15872K, 0% used [0x00000000eab00000,0x00000000eab00000,0x00000000eba80000)
  from space 3584K, 97% used [0x00000000ebc80000,0x00000000ebfed140,0x00000000ec000000)
  to   space 4608K, 0% used [0x00000000ec080000,0x00000000ec080000,0x00000000ec500000)
 ParOldGen       total 99328K, used 99270K [0x00000000c0000000, 0x00000000c6100000, 0x00000000eab00000)
  object space 99328K, 99% used [0x00000000c0000000,0x00000000c60f1878,0x00000000c6100000)
 Metaspace       used 49157K, committed 50496K, reserved 1114112K
  class space    used 5174K, committed 5760K, reserved 1048576K
}
Event: 5.833 GC heap before
{Heap before GC invocations=46 (full 2):
 PSYoungGen      total 19456K, used 19380K [0x00000000eab00000, 0x00000000ec500000, 0x0000000100000000)
  eden space 15872K, 100% used [0x00000000eab00000,0x00000000eba80000,0x00000000eba80000)
  from space 3584K, 97% used [0x00000000ebc80000,0x00000000ebfed140,0x00000000ec000000)
  to   space 4608K, 0% used [0x00000000ec080000,0x00000000ec080000,0x00000000ec500000)
 ParOldGen       total 99328K, used 99274K [0x00000000c0000000, 0x00000000c6100000, 0x00000000eab00000)
  object space 99328K, 99% used [0x00000000c0000000,0x00000000c60f2958,0x00000000c6100000)
 Metaspace       used 49316K, committed 50624K, reserved 1114112K
  class space    used 5189K, committed 5760K, reserved 1048576K
}
Event: 5.837 GC heap after
{Heap after GC invocations=46 (full 2):
 PSYoungGen      total 19968K, used 3753K [0x00000000eab00000, 0x00000000ec480000, 0x0000000100000000)
  eden space 15872K, 0% used [0x00000000eab00000,0x00000000eab00000,0x00000000eba80000)
  from space 4096K, 91% used [0x00000000ec080000,0x00000000ec42a718,0x00000000ec480000)
  to   space 4096K, 0% used [0x00000000ebc80000,0x00000000ebc80000,0x00000000ec080000)
 ParOldGen       total 102912K, used 102614K [0x00000000c0000000, 0x00000000c6480000, 0x00000000eab00000)
  object space 102912K, 99% used [0x00000000c0000000,0x00000000c64359b8,0x00000000c6480000)
 Metaspace       used 49316K, committed 50624K, reserved 1114112K
  class space    used 5189K, committed 5760K, reserved 1048576K
}
Event: 5.881 GC heap before
{Heap before GC invocations=47 (full 2):
 PSYoungGen      total 19968K, used 19625K [0x00000000eab00000, 0x00000000ec480000, 0x0000000100000000)
  eden space 15872K, 100% used [0x00000000eab00000,0x00000000eba80000,0x00000000eba80000)
  from space 4096K, 91% used [0x00000000ec080000,0x00000000ec42a718,0x00000000ec480000)
  to   space 4096K, 0% used [0x00000000ebc80000,0x00000000ebc80000,0x00000000ec080000)
 ParOldGen       total 102912K, used 102614K [0x00000000c0000000, 0x00000000c6480000, 0x00000000eab00000)
  object space 102912K, 99% used [0x00000000c0000000,0x00000000c64359b8,0x00000000c6480000)
 Metaspace       used 49856K, committed 51136K, reserved 1114112K
  class space    used 5217K, committed 5824K, reserved 1048576K
}
Event: 5.884 GC heap after
{Heap after GC invocations=47 (full 2):
 PSYoungGen      total 19968K, used 3623K [0x00000000eab00000, 0x00000000ec280000, 0x0000000100000000)
  eden space 15872K, 0% used [0x00000000eab00000,0x00000000eab00000,0x00000000eba80000)
  from space 4096K, 88% used [0x00000000ebc80000,0x00000000ec009e48,0x00000000ec080000)
  to   space 2048K, 0% used [0x00000000ec080000,0x00000000ec080000,0x00000000ec280000)
 ParOldGen       total 106496K, used 106127K [0x00000000c0000000, 0x00000000c6800000, 0x00000000eab00000)
  object space 106496K, 99% used [0x00000000c0000000,0x00000000c67a3c88,0x00000000c6800000)
 Metaspace       used 49856K, committed 51136K, reserved 1114112K
  class space    used 5217K, committed 5824K, reserved 1048576K
}
Event: 5.922 GC heap before
{Heap before GC invocations=48 (full 2):
 PSYoungGen      total 19968K, used 19495K [0x00000000eab00000, 0x00000000ec280000, 0x0000000100000000)
  eden space 15872K, 100% used [0x00000000eab00000,0x00000000eba80000,0x00000000eba80000)
  from space 4096K, 88% used [0x00000000ebc80000,0x00000000ec009e48,0x00000000ec080000)
  to   space 2048K, 0% used [0x00000000ec080000,0x00000000ec080000,0x00000000ec280000)
 ParOldGen       total 106496K, used 106127K [0x00000000c0000000, 0x00000000c6800000, 0x00000000eab00000)
  object space 106496K, 99% used [0x00000000c0000000,0x00000000c67a3c88,0x00000000c6800000)
 Metaspace       used 50056K, committed 51328K, reserved 1114112K
  class space    used 5246K, committed 5824K, reserved 1048576K
}
Event: 5.926 GC heap after
{Heap after GC invocations=48 (full 2):
 PSYoungGen      total 16896K, used 2019K [0x00000000eab00000, 0x00000000ec880000, 0x0000000100000000)
  eden space 14848K, 0% used [0x00000000eab00000,0x00000000eab00000,0x00000000eb980000)
  from space 2048K, 98% used [0x00000000ec080000,0x00000000ec278f98,0x00000000ec280000)
  to   space 7168K, 0% used [0x00000000eb980000,0x00000000eb980000,0x00000000ec080000)
 ParOldGen       total 110592K, used 110352K [0x00000000c0000000, 0x00000000c6c00000, 0x00000000eab00000)
  object space 110592K, 99% used [0x00000000c0000000,0x00000000c6bc41a8,0x00000000c6c00000)
 Metaspace       used 50056K, committed 51328K, reserved 1114112K
  class space    used 5246K, committed 5824K, reserved 1048576K
}
Event: 5.956 GC heap before
{Heap before GC invocations=49 (full 2):
 PSYoungGen      total 16896K, used 16867K [0x00000000eab00000, 0x00000000ec880000, 0x0000000100000000)
  eden space 14848K, 100% used [0x00000000eab00000,0x00000000eb980000,0x00000000eb980000)
  from space 2048K, 98% used [0x00000000ec080000,0x00000000ec278f98,0x00000000ec280000)
  to   space 7168K, 0% used [0x00000000eb980000,0x00000000eb980000,0x00000000ec080000)
 ParOldGen       total 110592K, used 110352K [0x00000000c0000000, 0x00000000c6c00000, 0x00000000eab00000)
  object space 110592K, 99% used [0x00000000c0000000,0x00000000c6bc41a8,0x00000000c6c00000)
 Metaspace       used 50415K, committed 51712K, reserved 1114112K
  class space    used 5299K, committed 5888K, reserved 1048576K
}
Event: 5.959 GC heap after
{Heap after GC invocations=49 (full 2):
 PSYoungGen      total 18432K, used 3235K [0x00000000eab00000, 0x00000000ec280000, 0x0000000100000000)
  eden space 14848K, 0% used [0x00000000eab00000,0x00000000eab00000,0x00000000eb980000)
  from space 3584K, 90% used [0x00000000eb980000,0x00000000ebca8d40,0x00000000ebd00000)
  to   space 4608K, 0% used [0x00000000ebe00000,0x00000000ebe00000,0x00000000ec280000)
 ParOldGen       total 112640K, used 112317K [0x00000000c0000000, 0x00000000c6e00000, 0x00000000eab00000)
  object space 112640K, 99% used [0x00000000c0000000,0x00000000c6daf7e8,0x00000000c6e00000)
 Metaspace       used 50415K, committed 51712K, reserved 1114112K
  class space    used 5299K, committed 5888K, reserved 1048576K
}
Event: 5.994 GC heap before
{Heap before GC invocations=50 (full 2):
 PSYoungGen      total 18432K, used 18083K [0x00000000eab00000, 0x00000000ec280000, 0x0000000100000000)
  eden space 14848K, 100% used [0x00000000eab00000,0x00000000eb980000,0x00000000eb980000)
  from space 3584K, 90% used [0x00000000eb980000,0x00000000ebca8d40,0x00000000ebd00000)
  to   space 4608K, 0% used [0x00000000ebe00000,0x00000000ebe00000,0x00000000ec280000)
 ParOldGen       total 112640K, used 112317K [0x00000000c0000000, 0x00000000c6e00000, 0x00000000eab00000)
  object space 112640K, 99% used [0x00000000c0000000,0x00000000c6daf7e8,0x00000000c6e00000)
 Metaspace       used 50545K, committed 51904K, reserved 1114112K
  class space    used 5307K, committed 5888K, reserved 1048576K
}
Event: 5.997 GC heap after
{Heap after GC invocations=50 (full 2):
 PSYoungGen      total 18944K, used 3591K [0x00000000eab00000, 0x00000000ec200000, 0x0000000100000000)
  eden space 14848K, 0% used [0x00000000eab00000,0x00000000eab00000,0x00000000eb980000)
  from space 4096K, 87% used [0x00000000ebe00000,0x00000000ec181fc8,0x00000000ec200000)
  to   space 4096K, 0% used [0x00000000eba00000,0x00000000eba00000,0x00000000ebe00000)
 ParOldGen       total 115712K, used 115218K [0x00000000c0000000, 0x00000000c7100000, 0x00000000eab00000)
  object space 115712K, 99% used [0x00000000c0000000,0x00000000c7084838,0x00000000c7100000)
 Metaspace       used 50545K, committed 51904K, reserved 1114112K
  class space    used 5307K, committed 5888K, reserved 1048576K
}
Event: 6.056 GC heap before
{Heap before GC invocations=51 (full 2):
 PSYoungGen      total 18944K, used 18439K [0x00000000eab00000, 0x00000000ec200000, 0x0000000100000000)
  eden space 14848K, 100% used [0x00000000eab00000,0x00000000eb980000,0x00000000eb980000)
  from space 4096K, 87% used [0x00000000ebe00000,0x00000000ec181fc8,0x00000000ec200000)
  to   space 4096K, 0% used [0x00000000eba00000,0x00000000eba00000,0x00000000ebe00000)
 ParOldGen       total 115712K, used 115218K [0x00000000c0000000, 0x00000000c7100000, 0x00000000eab00000)
  object space 115712K, 99% used [0x00000000c0000000,0x00000000c7084838,0x00000000c7100000)
 Metaspace       used 50922K, committed 52224K, reserved 1114112K
  class space    used 5348K, committed 5888K, reserved 1048576K
}
Event: 8.068 GC heap after
{Heap after GC invocations=51 (full 2):
 PSYoungGen      total 19456K, used 4080K [0x00000000eab00000, 0x00000000ece00000, 0x0000000100000000)
  eden space 15360K, 0% used [0x00000000eab00000,0x00000000eab00000,0x00000000eba00000)
  from space 4096K, 99% used [0x00000000eba00000,0x00000000ebdfc3b8,0x00000000ebe00000)
  to   space 8704K, 0% used [0x00000000ec580000,0x00000000ec580000,0x00000000ece00000)
 ParOldGen       total 119296K, used 118998K [0x00000000c0000000, 0x00000000c7480000, 0x00000000eab00000)
  object space 119296K, 99% used [0x00000000c0000000,0x00000000c7435b40,0x00000000c7480000)
 Metaspace       used 50922K, committed 52224K, reserved 1114112K
  class space    used 5348K, committed 5888K, reserved 1048576K
}
Event: 8.111 GC heap before
{Heap before GC invocations=52 (full 2):
 PSYoungGen      total 19456K, used 19440K [0x00000000eab00000, 0x00000000ece00000, 0x0000000100000000)
  eden space 15360K, 100% used [0x00000000eab00000,0x00000000eba00000,0x00000000eba00000)
  from space 4096K, 99% used [0x00000000eba00000,0x00000000ebdfc3b8,0x00000000ebe00000)
  to   space 8704K, 0% used [0x00000000ec580000,0x00000000ec580000,0x00000000ece00000)
 ParOldGen       total 119296K, used 118998K [0x00000000c0000000, 0x00000000c7480000, 0x00000000eab00000)
  object space 119296K, 99% used [0x00000000c0000000,0x00000000c7435b40,0x00000000c7480000)
 Metaspace       used 51096K, committed 52416K, reserved 1114112K
  class space    used 5365K, committed 5952K, reserved 1048576K
}
Event: 8.115 GC heap after
{Heap after GC invocations=52 (full 2):
 PSYoungGen      total 22528K, used 3506K [0x00000000eab00000, 0x00000000ec900000, 0x0000000100000000)
  eden space 18944K, 0% used [0x00000000eab00000,0x00000000eab00000,0x00000000ebd80000)
  from space 3584K, 97% used [0x00000000ec580000,0x00000000ec8eca68,0x00000000ec900000)
  to   space 5120K, 0% used [0x00000000ebf00000,0x00000000ebf00000,0x00000000ec400000)
 ParOldGen       total 123392K, used 123009K [0x00000000c0000000, 0x00000000c7880000, 0x00000000eab00000)
  object space 123392K, 99% used [0x00000000c0000000,0x00000000c7820480,0x00000000c7880000)
 Metaspace       used 51096K, committed 52416K, reserved 1114112K
  class space    used 5365K, committed 5952K, reserved 1048576K
}
Event: 8.166 GC heap before
{Heap before GC invocations=53 (full 2):
 PSYoungGen      total 22528K, used 22450K [0x00000000eab00000, 0x00000000ec900000, 0x0000000100000000)
  eden space 18944K, 100% used [0x00000000eab00000,0x00000000ebd80000,0x00000000ebd80000)
  from space 3584K, 97% used [0x00000000ec580000,0x00000000ec8eca68,0x00000000ec900000)
  to   space 5120K, 0% used [0x00000000ebf00000,0x00000000ebf00000,0x00000000ec400000)
 ParOldGen       total 123392K, used 123009K [0x00000000c0000000, 0x00000000c7880000, 0x00000000eab00000)
  object space 123392K, 99% used [0x00000000c0000000,0x00000000c7820480,0x00000000c7880000)
 Metaspace       used 51284K, committed 52544K, reserved 1114112K
  class space    used 5399K, committed 5952K, reserved 1048576K
}

