# JRE version: OpenJDK Runtime Environment Temurin-21.0.6+7 (21.0.6+7) (build 21.0.6+7-LTS)
# Java VM: OpenJDK 64-Bit Server VM Temurin-21.0.6+7 (21.0.6+7-LTS, mixed mode, sharing, tiered, compressed oops, compressed class ptrs, parallel gc, windows-amd64)
GC Precious Log:
 CardTable entry size: 512
 CPUs: 12 total, 12 available
 Memory: 7914M
 Large Page Support: Disabled
 NUMA Support: Disabled
 Compressed Oops: Enabled (32-bit)
 Alignments: Space 512K, Generation 512K, Heap 2M
 Heap Min Capacity: 100M
 Heap Initial Capacity: 100M
 Heap Max Capacity: 1G
 Pre-touch: Disabled
 Parallel Workers: 10
Heap:
 PSYoungGen      total 24064K, used 23710K [0x00000000eab00000, 0x00000000ec980000, 0x0000000100000000)
  eden space 22528K, 99% used [0x00000000eab00000,0x00000000ec0fff78,0x00000000ec100000)
  from space 1536K, 76% used [0x00000000ec600000,0x00000000ec7279e8,0x00000000ec780000)
  to   space 1536K, 10% used [0x00000000ec800000,0x00000000ec830000,0x00000000ec980000)
 ParOldGen       total 68608K, used 16119K [0x00000000c0000000, 0x00000000c4300000, 0x00000000eab00000)
  object space 68608K, 23% used [0x00000000c0000000,0x00000000c0fc9780,0x00000000c4300000)
 Metaspace       used 32163K, committed 33152K, reserved 1114112K
  class space    used 3184K, committed 3584K, reserved 1048576K
GC Heap History (20 events):
Event: 31.419 GC heap before
{Heap before GC invocations=3 (full 0):
 PSYoungGen      total 29696K, used 29668K [0x00000000eab00000, 0x00000000ecc00000, 0x0000000100000000)
  eden space 25600K, 100% used [0x00000000eab00000,0x00000000ec400000,0x00000000ec400000)
  from space 4096K, 99% used [0x00000000ec800000,0x00000000ecbf9158,0x00000000ecc00000)
  to   space 4096K, 0% used [0x00000000ec400000,0x00000000ec400000,0x00000000ec800000)
 ParOldGen       total 68608K, used 1728K [0x00000000c0000000, 0x00000000c4300000, 0x00000000eab00000)
  object space 68608K, 2% used [0x00000000c0000000,0x00000000c01b0218,0x00000000c4300000)
 Metaspace       used 9407K, committed 9728K, reserved 1114112K
  class space    used 934K, committed 1088K, reserved 1048576K
}
Event: 31.427 GC heap after
{Heap after GC invocations=3 (full 0):
 PSYoungGen      total 29696K, used 4067K [0x00000000eab00000, 0x00000000ecc00000, 0x0000000100000000)
  eden space 25600K, 0% used [0x00000000eab00000,0x00000000eab00000,0x00000000ec400000)
  from space 4096K, 99% used [0x00000000ec400000,0x00000000ec7f8cb8,0x00000000ec800000)
  to   space 4096K, 0% used [0x00000000ec800000,0x00000000ec800000,0x00000000ecc00000)
 ParOldGen       total 68608K, used 5893K [0x00000000c0000000, 0x00000000c4300000, 0x00000000eab00000)
  object space 68608K, 8% used [0x00000000c0000000,0x00000000c05c17a8,0x00000000c4300000)
 Metaspace       used 9407K, committed 9728K, reserved 1114112K
  class space    used 934K, committed 1088K, reserved 1048576K
}
Event: 45.524 GC heap before
{Heap before GC invocations=4 (full 0):
 PSYoungGen      total 29696K, used 29667K [0x00000000eab00000, 0x00000000ecc00000, 0x0000000100000000)
  eden space 25600K, 100% used [0x00000000eab00000,0x00000000ec400000,0x00000000ec400000)
  from space 4096K, 99% used [0x00000000ec400000,0x00000000ec7f8cb8,0x00000000ec800000)
  to   space 4096K, 0% used [0x00000000ec800000,0x00000000ec800000,0x00000000ecc00000)
 ParOldGen       total 68608K, used 5893K [0x00000000c0000000, 0x00000000c4300000, 0x00000000eab00000)
  object space 68608K, 8% used [0x00000000c0000000,0x00000000c05c17a8,0x00000000c4300000)
 Metaspace       used 12379K, committed 12800K, reserved 1114112K
  class space    used 1221K, committed 1408K, reserved 1048576K
}
Event: 45.530 GC heap after
{Heap after GC invocations=4 (full 0):
 PSYoungGen      total 29696K, used 4095K [0x00000000eab00000, 0x00000000ecc00000, 0x0000000100000000)
  eden space 25600K, 0% used [0x00000000eab00000,0x00000000eab00000,0x00000000ec400000)
  from space 4096K, 99% used [0x00000000ec800000,0x00000000ecbffe98,0x00000000ecc00000)
  to   space 4096K, 0% used [0x00000000ec400000,0x00000000ec400000,0x00000000ec800000)
 ParOldGen       total 68608K, used 7639K [0x00000000c0000000, 0x00000000c4300000, 0x00000000eab00000)
  object space 68608K, 11% used [0x00000000c0000000,0x00000000c0775cc0,0x00000000c4300000)
 Metaspace       used 12379K, committed 12800K, reserved 1114112K
  class space    used 1221K, committed 1408K, reserved 1048576K
}
Event: 46.034 GC heap before
{Heap before GC invocations=5 (full 0):
 PSYoungGen      total 29696K, used 29695K [0x00000000eab00000, 0x00000000ecc00000, 0x0000000100000000)
  eden space 25600K, 100% used [0x00000000eab00000,0x00000000ec400000,0x00000000ec400000)
  from space 4096K, 99% used [0x00000000ec800000,0x00000000ecbffe98,0x00000000ecc00000)
  to   space 4096K, 0% used [0x00000000ec400000,0x00000000ec400000,0x00000000ec800000)
 ParOldGen       total 68608K, used 7639K [0x00000000c0000000, 0x00000000c4300000, 0x00000000eab00000)
  object space 68608K, 11% used [0x00000000c0000000,0x00000000c0775cc0,0x00000000c4300000)
 Metaspace       used 16004K, committed 16640K, reserved 1114112K
  class space    used 1576K, committed 1856K, reserved 1048576K
}
Event: 46.037 GC heap after
{Heap after GC invocations=5 (full 0):
 PSYoungGen      total 29184K, used 4092K [0x00000000eab00000, 0x00000000ece80000, 0x0000000100000000)
  eden space 25088K, 0% used [0x00000000eab00000,0x00000000eab00000,0x00000000ec380000)
  from space 4096K, 99% used [0x00000000ec400000,0x00000000ec7ff0d0,0x00000000ec800000)
  to   space 5632K, 0% used [0x00000000ec900000,0x00000000ec900000,0x00000000ece80000)
 ParOldGen       total 68608K, used 8410K [0x00000000c0000000, 0x00000000c4300000, 0x00000000eab00000)
  object space 68608K, 12% used [0x00000000c0000000,0x00000000c08368b0,0x00000000c4300000)
 Metaspace       used 16004K, committed 16640K, reserved 1114112K
  class space    used 1576K, committed 1856K, reserved 1048576K
}
Event: 46.644 GC heap before
{Heap before GC invocations=6 (full 0):
 PSYoungGen      total 29184K, used 29180K [0x00000000eab00000, 0x00000000ece80000, 0x0000000100000000)
  eden space 25088K, 100% used [0x00000000eab00000,0x00000000ec380000,0x00000000ec380000)
  from space 4096K, 99% used [0x00000000ec400000,0x00000000ec7ff0d0,0x00000000ec800000)
  to   space 5632K, 0% used [0x00000000ec900000,0x00000000ec900000,0x00000000ece80000)
 ParOldGen       total 68608K, used 8410K [0x00000000c0000000, 0x00000000c4300000, 0x00000000eab00000)
  object space 68608K, 12% used [0x00000000c0000000,0x00000000c08368b0,0x00000000c4300000)
 Metaspace       used 18285K, committed 19072K, reserved 1114112K
  class space    used 1822K, committed 2176K, reserved 1048576K
}
Event: 46.648 GC heap after
{Heap after GC invocations=6 (full 0):
 PSYoungGen      total 29184K, used 4399K [0x00000000eab00000, 0x00000000ecd80000, 0x0000000100000000)
  eden space 24576K, 0% used [0x00000000eab00000,0x00000000eab00000,0x00000000ec300000)
  from space 4608K, 95% used [0x00000000ec900000,0x00000000ecd4bf10,0x00000000ecd80000)
  to   space 5120K, 0% used [0x00000000ec380000,0x00000000ec380000,0x00000000ec880000)
 ParOldGen       total 68608K, used 8418K [0x00000000c0000000, 0x00000000c4300000, 0x00000000eab00000)
  object space 68608K, 12% used [0x00000000c0000000,0x00000000c08388b0,0x00000000c4300000)
 Metaspace       used 18285K, committed 19072K, reserved 1114112K
  class space    used 1822K, committed 2176K, reserved 1048576K
}
Event: 46.914 GC heap before
{Heap before GC invocations=7 (full 0):
 PSYoungGen      total 29184K, used 28975K [0x00000000eab00000, 0x00000000ecd80000, 0x0000000100000000)
  eden space 24576K, 100% used [0x00000000eab00000,0x00000000ec300000,0x00000000ec300000)
  from space 4608K, 95% used [0x00000000ec900000,0x00000000ecd4bf10,0x00000000ecd80000)
  to   space 5120K, 0% used [0x00000000ec380000,0x00000000ec380000,0x00000000ec880000)
 ParOldGen       total 68608K, used 8418K [0x00000000c0000000, 0x00000000c4300000, 0x00000000eab00000)
  object space 68608K, 12% used [0x00000000c0000000,0x00000000c08388b0,0x00000000c4300000)
 Metaspace       used 20598K, committed 21376K, reserved 1114112K
  class space    used 2037K, committed 2368K, reserved 1048576K
}
Event: 46.919 GC heap after
{Heap after GC invocations=7 (full 0):
 PSYoungGen      total 29184K, used 5109K [0x00000000eab00000, 0x00000000ed280000, 0x0000000100000000)
  eden space 24064K, 0% used [0x00000000eab00000,0x00000000eab00000,0x00000000ec280000)
  from space 5120K, 99% used [0x00000000ec380000,0x00000000ec87d628,0x00000000ec880000)
  to   space 8192K, 0% used [0x00000000eca80000,0x00000000eca80000,0x00000000ed280000)
 ParOldGen       total 68608K, used 10832K [0x00000000c0000000, 0x00000000c4300000, 0x00000000eab00000)
  object space 68608K, 15% used [0x00000000c0000000,0x00000000c0a94390,0x00000000c4300000)
 Metaspace       used 20598K, committed 21376K, reserved 1114112K
  class space    used 2037K, committed 2368K, reserved 1048576K
}
Event: 46.934 GC heap before
{Heap before GC invocations=8 (full 0):
 PSYoungGen      total 29184K, used 8757K [0x00000000eab00000, 0x00000000ed280000, 0x0000000100000000)
  eden space 24064K, 15% used [0x00000000eab00000,0x00000000eae8ff60,0x00000000ec280000)
  from space 5120K, 99% used [0x00000000ec380000,0x00000000ec87d628,0x00000000ec880000)
  to   space 8192K, 0% used [0x00000000eca80000,0x00000000eca80000,0x00000000ed280000)
 ParOldGen       total 68608K, used 10832K [0x00000000c0000000, 0x00000000c4300000, 0x00000000eab00000)
  object space 68608K, 15% used [0x00000000c0000000,0x00000000c0a94390,0x00000000c4300000)
 Metaspace       used 20735K, committed 21504K, reserved 1114112K
  class space    used 2039K, committed 2368K, reserved 1048576K
}
Event: 46.937 GC heap after
{Heap after GC invocations=8 (full 0):
 PSYoungGen      total 28160K, used 3791K [0x00000000eab00000, 0x00000000ece80000, 0x0000000100000000)
  eden space 24064K, 0% used [0x00000000eab00000,0x00000000eab00000,0x00000000ec280000)
  from space 4096K, 92% used [0x00000000eca80000,0x00000000ece33c00,0x00000000ece80000)
  to   space 5632K, 0% used [0x00000000ec380000,0x00000000ec380000,0x00000000ec900000)
 ParOldGen       total 68608K, used 11372K [0x00000000c0000000, 0x00000000c4300000, 0x00000000eab00000)
  object space 68608K, 16% used [0x00000000c0000000,0x00000000c0b1b078,0x00000000c4300000)
 Metaspace       used 20735K, committed 21504K, reserved 1114112K
  class space    used 2039K, committed 2368K, reserved 1048576K
}
Event: 46.937 GC heap before
{Heap before GC invocations=9 (full 1):
 PSYoungGen      total 28160K, used 3791K [0x00000000eab00000, 0x00000000ece80000, 0x0000000100000000)
  eden space 24064K, 0% used [0x00000000eab00000,0x00000000eab00000,0x00000000ec280000)
  from space 4096K, 92% used [0x00000000eca80000,0x00000000ece33c00,0x00000000ece80000)
  to   space 5632K, 0% used [0x00000000ec380000,0x00000000ec380000,0x00000000ec900000)
 ParOldGen       total 68608K, used 11372K [0x00000000c0000000, 0x00000000c4300000, 0x00000000eab00000)
  object space 68608K, 16% used [0x00000000c0000000,0x00000000c0b1b078,0x00000000c4300000)
 Metaspace       used 20735K, committed 21504K, reserved 1114112K
  class space    used 2039K, committed 2368K, reserved 1048576K
}
Event: 46.972 GC heap after
{Heap after GC invocations=9 (full 1):
 PSYoungGen      total 28160K, used 0K [0x00000000eab00000, 0x00000000ece80000, 0x0000000100000000)
  eden space 24064K, 0% used [0x00000000eab00000,0x00000000eab00000,0x00000000ec280000)
  from space 4096K, 0% used [0x00000000eca80000,0x00000000eca80000,0x00000000ece80000)
  to   space 5632K, 0% used [0x00000000ec380000,0x00000000ec380000,0x00000000ec900000)
 ParOldGen       total 68608K, used 13469K [0x00000000c0000000, 0x00000000c4300000, 0x00000000eab00000)
  object space 68608K, 19% used [0x00000000c0000000,0x00000000c0d27728,0x00000000c4300000)
 Metaspace       used 20723K, committed 21504K, reserved 1114112K
  class space    used 2035K, committed 2368K, reserved 1048576K
}
Event: 47.253 GC heap before
{Heap before GC invocations=10 (full 1):
 PSYoungGen      total 28160K, used 24064K [0x00000000eab00000, 0x00000000ece80000, 0x0000000100000000)
  eden space 24064K, 100% used [0x00000000eab00000,0x00000000ec280000,0x00000000ec280000)
  from space 4096K, 0% used [0x00000000eca80000,0x00000000eca80000,0x00000000ece80000)
  to   space 5632K, 0% used [0x00000000ec380000,0x00000000ec380000,0x00000000ec900000)
 ParOldGen       total 68608K, used 13469K [0x00000000c0000000, 0x00000000c4300000, 0x00000000eab00000)
  object space 68608K, 19% used [0x00000000c0000000,0x00000000c0d27728,0x00000000c4300000)
 Metaspace       used 24517K, committed 25344K, reserved 1114112K
  class space    used 2316K, committed 2688K, reserved 1048576K
}
Event: 47.254 GC heap after
{Heap after GC invocations=10 (full 1):
 PSYoungGen      total 29184K, used 352K [0x00000000eab00000, 0x00000000ecb00000, 0x0000000100000000)
  eden space 23552K, 0% used [0x00000000eab00000,0x00000000eab00000,0x00000000ec200000)
  from space 5632K, 6% used [0x00000000ec380000,0x00000000ec3d8000,0x00000000ec900000)
  to   space 2048K, 0% used [0x00000000ec900000,0x00000000ec900000,0x00000000ecb00000)
 ParOldGen       total 68608K, used 13469K [0x00000000c0000000, 0x00000000c4300000, 0x00000000eab00000)
  object space 68608K, 19% used [0x00000000c0000000,0x00000000c0d27728,0x00000000c4300000)
 Metaspace       used 24517K, committed 25344K, reserved 1114112K
  class space    used 2316K, committed 2688K, reserved 1048576K
}
Event: 47.578 GC heap before
{Heap before GC invocations=11 (full 1):
 PSYoungGen      total 29184K, used 23904K [0x00000000eab00000, 0x00000000ecb00000, 0x0000000100000000)
  eden space 23552K, 100% used [0x00000000eab00000,0x00000000ec200000,0x00000000ec200000)
  from space 5632K, 6% used [0x00000000ec380000,0x00000000ec3d8000,0x00000000ec900000)
  to   space 2048K, 0% used [0x00000000ec900000,0x00000000ec900000,0x00000000ecb00000)
 ParOldGen       total 68608K, used 13469K [0x00000000c0000000, 0x00000000c4300000, 0x00000000eab00000)
  object space 68608K, 19% used [0x00000000c0000000,0x00000000c0d27728,0x00000000c4300000)
 Metaspace       used 25850K, committed 26688K, reserved 1114112K
  class space    used 2405K, committed 2752K, reserved 1048576K
}
Event: 47.580 GC heap after
{Heap after GC invocations=11 (full 1):
 PSYoungGen      total 25088K, used 1942K [0x00000000eab00000, 0x00000000ecb00000, 0x0000000100000000)
  eden space 23040K, 0% used [0x00000000eab00000,0x00000000eab00000,0x00000000ec180000)
  from space 2048K, 94% used [0x00000000ec900000,0x00000000ecae5a28,0x00000000ecb00000)
  to   space 2560K, 0% used [0x00000000ec600000,0x00000000ec600000,0x00000000ec880000)
 ParOldGen       total 68608K, used 14259K [0x00000000c0000000, 0x00000000c4300000, 0x00000000eab00000)
  object space 68608K, 20% used [0x00000000c0000000,0x00000000c0decc38,0x00000000c4300000)
 Metaspace       used 25850K, committed 26688K, reserved 1114112K
  class space    used 2405K, committed 2752K, reserved 1048576K
}
Event: 48.237 GC heap before
{Heap before GC invocations=12 (full 1):
 PSYoungGen      total 25088K, used 24971K [0x00000000eab00000, 0x00000000ecb00000, 0x0000000100000000)
  eden space 23040K, 99% used [0x00000000eab00000,0x00000000ec17d2e0,0x00000000ec180000)
  from space 2048K, 94% used [0x00000000ec900000,0x00000000ecae5a28,0x00000000ecb00000)
  to   space 2560K, 0% used [0x00000000ec600000,0x00000000ec600000,0x00000000ec880000)
 ParOldGen       total 68608K, used 14259K [0x00000000c0000000, 0x00000000c4300000, 0x00000000eab00000)
  object space 68608K, 20% used [0x00000000c0000000,0x00000000c0decc38,0x00000000c4300000)
 Metaspace       used 29704K, committed 30656K, reserved 1114112K
  class space    used 2847K, committed 3264K, reserved 1048576K
}
Event: 48.241 GC heap after
{Heap after GC invocations=12 (full 1):
 PSYoungGen      total 24064K, used 1182K [0x00000000eab00000, 0x00000000ec980000, 0x0000000100000000)
  eden space 22528K, 0% used [0x00000000eab00000,0x00000000eab00000,0x00000000ec100000)
  from space 1536K, 76% used [0x00000000ec600000,0x00000000ec7279e8,0x00000000ec780000)
  to   space 1536K, 0% used [0x00000000ec800000,0x00000000ec800000,0x00000000ec980000)
 ParOldGen       total 68608K, used 16038K [0x00000000c0000000, 0x00000000c4300000, 0x00000000eab00000)
  object space 68608K, 23% used [0x00000000c0000000,0x00000000c0fa9ad0,0x00000000c4300000)
 Metaspace       used 29704K, committed 30656K, reserved 1114112K
  class space    used 2847K, committed 3264K, reserved 1048576K
}

