# JRE version: OpenJDK Runtime Environment Temurin-21.0.6+7 (21.0.6+7) (build 21.0.6+7-LTS)
# Java VM: OpenJDK 64-Bit Server VM Temurin-21.0.6+7 (21.0.6+7-LTS, mixed mode, sharing, tiered, compressed oops, compressed class ptrs, parallel gc, windows-amd64)
GC Precious Log:
 CardTable entry size: 512
 CPUs: 12 total, 12 available
 Memory: 7914M
 Large Page Support: Disabled
 NUMA Support: Disabled
 Compressed Oops: Enabled (32-bit)
 Alignments: Space 512K, Generation 512K, Heap 2M
 Heap Min Capacity: 100M
 Heap Initial Capacity: 100M
 Heap Max Capacity: 1G
 Pre-touch: Disabled
 Parallel Workers: 10
Heap:
 PSYoungGen      total 22528K, used 7476K [0x00000000eab00000, 0x00000000ecc00000, 0x0000000100000000)
  eden space 22016K, 31% used [0x00000000eab00000,0x00000000eb1d4378,0x00000000ec080000)
  from space 512K, 94% used [0x00000000ecb80000,0x00000000ecbf8f18,0x00000000ecc00000)
  to   space 2048K, 0% used [0x00000000ec800000,0x00000000ec800000,0x00000000eca00000)
 ParOldGen       total 68608K, used 30596K [0x00000000c0000000, 0x00000000c4300000, 0x00000000eab00000)
  object space 68608K, 44% used [0x00000000c0000000,0x00000000c1de1140,0x00000000c4300000)
 Metaspace       used 30292K, committed 31168K, reserved 1114112K
  class space    used 2971K, committed 3392K, reserved 1048576K
GC Heap History (20 events):
Event: 2.840 GC heap before
{Heap before GC invocations=6 (full 0):
 PSYoungGen      total 29184K, used 29178K [0x00000000eab00000, 0x00000000edc80000, 0x0000000100000000)
  eden space 25088K, 100% used [0x00000000eab00000,0x00000000ec380000,0x00000000ec380000)
  from space 4096K, 99% used [0x00000000ec400000,0x00000000ec7fe938,0x00000000ec800000)
  to   space 12800K, 0% used [0x00000000ed000000,0x00000000ed000000,0x00000000edc80000)
 ParOldGen       total 68608K, used 22074K [0x00000000c0000000, 0x00000000c4300000, 0x00000000eab00000)
  object space 68608K, 32% used [0x00000000c0000000,0x00000000c158e908,0x00000000c4300000)
 Metaspace       used 20369K, committed 21056K, reserved 1114112K
  class space    used 1936K, committed 2240K, reserved 1048576K
}
Event: 2.844 GC heap after
{Heap after GC invocations=6 (full 0):
 PSYoungGen      total 29696K, used 4685K [0x00000000eab00000, 0x00000000ed500000, 0x0000000100000000)
  eden space 24576K, 0% used [0x00000000eab00000,0x00000000eab00000,0x00000000ec300000)
  from space 5120K, 91% used [0x00000000ed000000,0x00000000ed4934b8,0x00000000ed500000)
  to   space 7168K, 0% used [0x00000000ec700000,0x00000000ec700000,0x00000000ece00000)
 ParOldGen       total 68608K, used 22082K [0x00000000c0000000, 0x00000000c4300000, 0x00000000eab00000)
  object space 68608K, 32% used [0x00000000c0000000,0x00000000c1590908,0x00000000c4300000)
 Metaspace       used 20369K, committed 21056K, reserved 1114112K
  class space    used 1936K, committed 2240K, reserved 1048576K
}
Event: 2.861 GC heap before
{Heap before GC invocations=7 (full 0):
 PSYoungGen      total 29696K, used 9773K [0x00000000eab00000, 0x00000000ed500000, 0x0000000100000000)
  eden space 24576K, 20% used [0x00000000eab00000,0x00000000eaff8280,0x00000000ec300000)
  from space 5120K, 91% used [0x00000000ed000000,0x00000000ed4934b8,0x00000000ed500000)
  to   space 7168K, 0% used [0x00000000ec700000,0x00000000ec700000,0x00000000ece00000)
 ParOldGen       total 68608K, used 22082K [0x00000000c0000000, 0x00000000c4300000, 0x00000000eab00000)
  object space 68608K, 32% used [0x00000000c0000000,0x00000000c1590908,0x00000000c4300000)
 Metaspace       used 20864K, committed 21504K, reserved 1114112K
  class space    used 1967K, committed 2240K, reserved 1048576K
}
Event: 2.867 GC heap after
{Heap after GC invocations=7 (full 0):
 PSYoungGen      total 27648K, used 2603K [0x00000000eab00000, 0x00000000ed080000, 0x0000000100000000)
  eden space 24576K, 0% used [0x00000000eab00000,0x00000000eab00000,0x00000000ec300000)
  from space 3072K, 84% used [0x00000000ec700000,0x00000000ec98ac60,0x00000000eca00000)
  to   space 4096K, 0% used [0x00000000ecc80000,0x00000000ecc80000,0x00000000ed080000)
 ParOldGen       total 68608K, used 24210K [0x00000000c0000000, 0x00000000c4300000, 0x00000000eab00000)
  object space 68608K, 35% used [0x00000000c0000000,0x00000000c17a4be0,0x00000000c4300000)
 Metaspace       used 20864K, committed 21504K, reserved 1114112K
  class space    used 1967K, committed 2240K, reserved 1048576K
}
Event: 2.867 GC heap before
{Heap before GC invocations=8 (full 1):
 PSYoungGen      total 27648K, used 2603K [0x00000000eab00000, 0x00000000ed080000, 0x0000000100000000)
  eden space 24576K, 0% used [0x00000000eab00000,0x00000000eab00000,0x00000000ec300000)
  from space 3072K, 84% used [0x00000000ec700000,0x00000000ec98ac60,0x00000000eca00000)
  to   space 4096K, 0% used [0x00000000ecc80000,0x00000000ecc80000,0x00000000ed080000)
 ParOldGen       total 68608K, used 24210K [0x00000000c0000000, 0x00000000c4300000, 0x00000000eab00000)
  object space 68608K, 35% used [0x00000000c0000000,0x00000000c17a4be0,0x00000000c4300000)
 Metaspace       used 20864K, committed 21504K, reserved 1114112K
  class space    used 1967K, committed 2240K, reserved 1048576K
}
Event: 2.890 GC heap after
{Heap after GC invocations=8 (full 1):
 PSYoungGen      total 27648K, used 0K [0x00000000eab00000, 0x00000000ed080000, 0x0000000100000000)
  eden space 24576K, 0% used [0x00000000eab00000,0x00000000eab00000,0x00000000ec300000)
  from space 3072K, 0% used [0x00000000ec700000,0x00000000ec700000,0x00000000eca00000)
  to   space 4096K, 0% used [0x00000000ecc80000,0x00000000ecc80000,0x00000000ed080000)
 ParOldGen       total 68608K, used 24834K [0x00000000c0000000, 0x00000000c4300000, 0x00000000eab00000)
  object space 68608K, 36% used [0x00000000c0000000,0x00000000c1840b10,0x00000000c4300000)
 Metaspace       used 20851K, committed 21504K, reserved 1114112K
  class space    used 1963K, committed 2240K, reserved 1048576K
}
Event: 3.166 GC heap before
{Heap before GC invocations=9 (full 1):
 PSYoungGen      total 27648K, used 24576K [0x00000000eab00000, 0x00000000ed080000, 0x0000000100000000)
  eden space 24576K, 100% used [0x00000000eab00000,0x00000000ec300000,0x00000000ec300000)
  from space 3072K, 0% used [0x00000000ec700000,0x00000000ec700000,0x00000000eca00000)
  to   space 4096K, 0% used [0x00000000ecc80000,0x00000000ecc80000,0x00000000ed080000)
 ParOldGen       total 68608K, used 24834K [0x00000000c0000000, 0x00000000c4300000, 0x00000000eab00000)
  object space 68608K, 36% used [0x00000000c0000000,0x00000000c1840b10,0x00000000c4300000)
 Metaspace       used 22836K, committed 23552K, reserved 1114112K
  class space    used 2123K, committed 2432K, reserved 1048576K
}
Event: 3.167 GC heap after
{Heap after GC invocations=9 (full 1):
 PSYoungGen      total 27136K, used 2649K [0x00000000eab00000, 0x00000000ecf80000, 0x0000000100000000)
  eden space 24064K, 0% used [0x00000000eab00000,0x00000000eab00000,0x00000000ec280000)
  from space 3072K, 86% used [0x00000000ecc80000,0x00000000ecf164f8,0x00000000ecf80000)
  to   space 3072K, 0% used [0x00000000ec980000,0x00000000ec980000,0x00000000ecc80000)
 ParOldGen       total 68608K, used 24842K [0x00000000c0000000, 0x00000000c4300000, 0x00000000eab00000)
  object space 68608K, 36% used [0x00000000c0000000,0x00000000c1842b10,0x00000000c4300000)
 Metaspace       used 22836K, committed 23552K, reserved 1114112K
  class space    used 2123K, committed 2432K, reserved 1048576K
}
Event: 3.638 GC heap before
{Heap before GC invocations=10 (full 1):
 PSYoungGen      total 27136K, used 26713K [0x00000000eab00000, 0x00000000ecf80000, 0x0000000100000000)
  eden space 24064K, 99% used [0x00000000eab00000,0x00000000ec27fff8,0x00000000ec280000)
  from space 3072K, 86% used [0x00000000ecc80000,0x00000000ecf164f8,0x00000000ecf80000)
  to   space 3072K, 0% used [0x00000000ec980000,0x00000000ec980000,0x00000000ecc80000)
 ParOldGen       total 68608K, used 24842K [0x00000000c0000000, 0x00000000c4300000, 0x00000000eab00000)
  object space 68608K, 36% used [0x00000000c0000000,0x00000000c1842b10,0x00000000c4300000)
 Metaspace       used 26184K, committed 26944K, reserved 1114112K
  class space    used 2484K, committed 2816K, reserved 1048576K
}
Event: 3.641 GC heap after
{Heap after GC invocations=10 (full 1):
 PSYoungGen      total 26624K, used 3050K [0x00000000eab00000, 0x00000000ecd00000, 0x0000000100000000)
  eden space 23552K, 0% used [0x00000000eab00000,0x00000000eab00000,0x00000000ec200000)
  from space 3072K, 99% used [0x00000000ec980000,0x00000000ecc7ab90,0x00000000ecc80000)
  to   space 512K, 0% used [0x00000000ecc80000,0x00000000ecc80000,0x00000000ecd00000)
 ParOldGen       total 68608K, used 26024K [0x00000000c0000000, 0x00000000c4300000, 0x00000000eab00000)
  object space 68608K, 37% used [0x00000000c0000000,0x00000000c196a020,0x00000000c4300000)
 Metaspace       used 26184K, committed 26944K, reserved 1114112K
  class space    used 2484K, committed 2816K, reserved 1048576K
}
Event: 3.691 GC heap before
{Heap before GC invocations=11 (full 1):
 PSYoungGen      total 26624K, used 26602K [0x00000000eab00000, 0x00000000ecd00000, 0x0000000100000000)
  eden space 23552K, 100% used [0x00000000eab00000,0x00000000ec200000,0x00000000ec200000)
  from space 3072K, 99% used [0x00000000ec980000,0x00000000ecc7ab90,0x00000000ecc80000)
  to   space 512K, 0% used [0x00000000ecc80000,0x00000000ecc80000,0x00000000ecd00000)
 ParOldGen       total 68608K, used 26024K [0x00000000c0000000, 0x00000000c4300000, 0x00000000eab00000)
  object space 68608K, 37% used [0x00000000c0000000,0x00000000c196a020,0x00000000c4300000)
 Metaspace       used 26604K, committed 27392K, reserved 1114112K
  class space    used 2541K, committed 2880K, reserved 1048576K
}
Event: 3.693 GC heap after
{Heap after GC invocations=11 (full 1):
 PSYoungGen      total 23552K, used 500K [0x00000000eab00000, 0x00000000ecd00000, 0x0000000100000000)
  eden space 23040K, 0% used [0x00000000eab00000,0x00000000eab00000,0x00000000ec180000)
  from space 512K, 97% used [0x00000000ecc80000,0x00000000eccfd2a8,0x00000000ecd00000)
  to   space 3584K, 0% used [0x00000000ec600000,0x00000000ec600000,0x00000000ec980000)
 ParOldGen       total 68608K, used 28712K [0x00000000c0000000, 0x00000000c4300000, 0x00000000eab00000)
  object space 68608K, 41% used [0x00000000c0000000,0x00000000c1c0a0f0,0x00000000c4300000)
 Metaspace       used 26604K, committed 27392K, reserved 1114112K
  class space    used 2541K, committed 2880K, reserved 1048576K
}
Event: 3.728 GC heap before
{Heap before GC invocations=12 (full 1):
 PSYoungGen      total 23552K, used 23540K [0x00000000eab00000, 0x00000000ecd00000, 0x0000000100000000)
  eden space 23040K, 100% used [0x00000000eab00000,0x00000000ec180000,0x00000000ec180000)
  from space 512K, 97% used [0x00000000ecc80000,0x00000000eccfd2a8,0x00000000ecd00000)
  to   space 3584K, 0% used [0x00000000ec600000,0x00000000ec600000,0x00000000ec980000)
 ParOldGen       total 68608K, used 28712K [0x00000000c0000000, 0x00000000c4300000, 0x00000000eab00000)
  object space 68608K, 41% used [0x00000000c0000000,0x00000000c1c0a0f0,0x00000000c4300000)
 Metaspace       used 27092K, committed 27904K, reserved 1114112K
  class space    used 2597K, committed 2944K, reserved 1048576K
}
Event: 3.729 GC heap after
{Heap after GC invocations=12 (full 1):
 PSYoungGen      total 26112K, used 256K [0x00000000eab00000, 0x00000000ecd00000, 0x0000000100000000)
  eden space 22528K, 0% used [0x00000000eab00000,0x00000000eab00000,0x00000000ec100000)
  from space 3584K, 7% used [0x00000000ec600000,0x00000000ec640000,0x00000000ec980000)
  to   space 1536K, 0% used [0x00000000ecb80000,0x00000000ecb80000,0x00000000ecd00000)
 ParOldGen       total 68608K, used 29257K [0x00000000c0000000, 0x00000000c4300000, 0x00000000eab00000)
  object space 68608K, 42% used [0x00000000c0000000,0x00000000c1c92768,0x00000000c4300000)
 Metaspace       used 27092K, committed 27904K, reserved 1114112K
  class space    used 2597K, committed 2944K, reserved 1048576K
}
Event: 3.760 GC heap before
{Heap before GC invocations=13 (full 1):
 PSYoungGen      total 26112K, used 22784K [0x00000000eab00000, 0x00000000ecd00000, 0x0000000100000000)
  eden space 22528K, 100% used [0x00000000eab00000,0x00000000ec100000,0x00000000ec100000)
  from space 3584K, 7% used [0x00000000ec600000,0x00000000ec640000,0x00000000ec980000)
  to   space 1536K, 0% used [0x00000000ecb80000,0x00000000ecb80000,0x00000000ecd00000)
 ParOldGen       total 68608K, used 29257K [0x00000000c0000000, 0x00000000c4300000, 0x00000000eab00000)
  object space 68608K, 42% used [0x00000000c0000000,0x00000000c1c92768,0x00000000c4300000)
 Metaspace       used 27470K, committed 28288K, reserved 1114112K
  class space    used 2645K, committed 3008K, reserved 1048576K
}
Event: 3.761 GC heap after
{Heap after GC invocations=13 (full 1):
 PSYoungGen      total 22528K, used 288K [0x00000000eab00000, 0x00000000ecc00000, 0x0000000100000000)
  eden space 22016K, 0% used [0x00000000eab00000,0x00000000eab00000,0x00000000ec080000)
  from space 512K, 56% used [0x00000000ecb80000,0x00000000ecbc8000,0x00000000ecc00000)
  to   space 512K, 0% used [0x00000000ecb00000,0x00000000ecb00000,0x00000000ecb80000)
 ParOldGen       total 68608K, used 29377K [0x00000000c0000000, 0x00000000c4300000, 0x00000000eab00000)
  object space 68608K, 42% used [0x00000000c0000000,0x00000000c1cb0768,0x00000000c4300000)
 Metaspace       used 27470K, committed 28288K, reserved 1114112K
  class space    used 2645K, committed 3008K, reserved 1048576K
}
Event: 3.783 GC heap before
{Heap before GC invocations=14 (full 1):
 PSYoungGen      total 22528K, used 22304K [0x00000000eab00000, 0x00000000ecc00000, 0x0000000100000000)
  eden space 22016K, 100% used [0x00000000eab00000,0x00000000ec080000,0x00000000ec080000)
  from space 512K, 56% used [0x00000000ecb80000,0x00000000ecbc8000,0x00000000ecc00000)
  to   space 512K, 0% used [0x00000000ecb00000,0x00000000ecb00000,0x00000000ecb80000)
 ParOldGen       total 68608K, used 29377K [0x00000000c0000000, 0x00000000c4300000, 0x00000000eab00000)
  object space 68608K, 42% used [0x00000000c0000000,0x00000000c1cb0768,0x00000000c4300000)
 Metaspace       used 27689K, committed 28480K, reserved 1114112K
  class space    used 2671K, committed 3008K, reserved 1048576K
}
Event: 3.784 GC heap after
{Heap after GC invocations=14 (full 1):
 PSYoungGen      total 22528K, used 352K [0x00000000eab00000, 0x00000000ecc00000, 0x0000000100000000)
  eden space 22016K, 0% used [0x00000000eab00000,0x00000000eab00000,0x00000000ec080000)
  from space 512K, 68% used [0x00000000ecb00000,0x00000000ecb58000,0x00000000ecb80000)
  to   space 512K, 0% used [0x00000000ecb80000,0x00000000ecb80000,0x00000000ecc00000)
 ParOldGen       total 68608K, used 29449K [0x00000000c0000000, 0x00000000c4300000, 0x00000000eab00000)
  object space 68608K, 42% used [0x00000000c0000000,0x00000000c1cc2768,0x00000000c4300000)
 Metaspace       used 27689K, committed 28480K, reserved 1114112K
  class space    used 2671K, committed 3008K, reserved 1048576K
}
Event: 17.456 GC heap before
{Heap before GC invocations=15 (full 1):
 PSYoungGen      total 22528K, used 22368K [0x00000000eab00000, 0x00000000ecc00000, 0x0000000100000000)
  eden space 22016K, 100% used [0x00000000eab00000,0x00000000ec080000,0x00000000ec080000)
  from space 512K, 68% used [0x00000000ecb00000,0x00000000ecb58000,0x00000000ecb80000)
  to   space 512K, 0% used [0x00000000ecb80000,0x00000000ecb80000,0x00000000ecc00000)
 ParOldGen       total 68608K, used 29449K [0x00000000c0000000, 0x00000000c4300000, 0x00000000eab00000)
  object space 68608K, 42% used [0x00000000c0000000,0x00000000c1cc2768,0x00000000c4300000)
 Metaspace       used 30258K, committed 31104K, reserved 1114112K
  class space    used 2965K, committed 3392K, reserved 1048576K
}
Event: 17.537 GC heap after
{Heap after GC invocations=15 (full 1):
 PSYoungGen      total 22528K, used 483K [0x00000000eab00000, 0x00000000ecc00000, 0x0000000100000000)
  eden space 22016K, 0% used [0x00000000eab00000,0x00000000eab00000,0x00000000ec080000)
  from space 512K, 94% used [0x00000000ecb80000,0x00000000ecbf8f18,0x00000000ecc00000)
  to   space 2048K, 0% used [0x00000000ec800000,0x00000000ec800000,0x00000000eca00000)
 ParOldGen       total 68608K, used 30596K [0x00000000c0000000, 0x00000000c4300000, 0x00000000eab00000)
  object space 68608K, 44% used [0x00000000c0000000,0x00000000c1de1140,0x00000000c4300000)
 Metaspace       used 30258K, committed 31104K, reserved 1114112K
  class space    used 2965K, committed 3392K, reserved 1048576K
}

