# JRE version: OpenJDK Runtime Environment Temurin-21.0.6+7 (21.0.6+7) (build 21.0.6+7-LTS)
# Java VM: OpenJDK 64-Bit Server VM Temurin-21.0.6+7 (21.0.6+7-LTS, mixed mode, sharing, tiered, compressed oops, compressed class ptrs, parallel gc, windows-amd64)
GC Precious Log:
 CardTable entry size: 512
 CPUs: 12 total, 12 available
 Memory: 7914M
 Large Page Support: Disabled
 NUMA Support: Disabled
 Compressed Oops: Enabled (32-bit)
 Alignments: Space 512K, Generation 512K, Heap 2M
 Heap Min Capacity: 100M
 Heap Initial Capacity: 100M
 Heap Max Capacity: 1G
 Pre-touch: Disabled
 Parallel Workers: 10
Heap:
 PSYoungGen      total 2560K, used 1147K [0x00000000eab00000, 0x00000000eaf00000, 0x0000000100000000)
  eden space 2048K, 31% used [0x00000000eab00000,0x00000000eaba5fb0,0x00000000ead00000)
  from space 512K, 100% used [0x00000000ead80000,0x00000000eae00000,0x00000000eae00000)
  to   space 1024K, 0% used [0x00000000eae00000,0x00000000eae00000,0x00000000eaf00000)
 ParOldGen       total 372224K, used 371998K [0x00000000c0000000, 0x00000000d6b80000, 0x00000000eab00000)
  object space 372224K, 99% used [0x00000000c0000000,0x00000000d6b479d8,0x00000000d6b80000)
 Metaspace       used 59525K, committed 60928K, reserved 1114112K
  class space    used 6141K, committed 6784K, reserved 1048576K
GC Heap History (20 events):
Event: 8.427 GC heap before
{Heap before GC invocations=324 (full 3):
 PSYoungGen      total 3072K, used 2391K [0x00000000eab00000, 0x00000000eaf00000, 0x0000000100000000)
  eden space 2048K, 99% used [0x00000000eab00000,0x00000000eacfdd60,0x00000000ead00000)
  from space 1024K, 34% used [0x00000000eae00000,0x00000000eae58000,0x00000000eaf00000)
  to   space 1024K, 0% used [0x00000000ead00000,0x00000000ead00000,0x00000000eae00000)
 ParOldGen       total 368640K, used 368515K [0x00000000c0000000, 0x00000000d6800000, 0x00000000eab00000)
  object space 368640K, 99% used [0x00000000c0000000,0x00000000d67e0ec8,0x00000000d6800000)
 Metaspace       used 59500K, committed 60864K, reserved 1114112K
  class space    used 6140K, committed 6784K, reserved 1048576K
}
Event: 8.428 GC heap after
{Heap after GC invocations=324 (full 3):
 PSYoungGen      total 3072K, used 480K [0x00000000eab00000, 0x00000000eae80000, 0x0000000100000000)
  eden space 2048K, 0% used [0x00000000eab00000,0x00000000eab00000,0x00000000ead00000)
  from space 1024K, 46% used [0x00000000ead00000,0x00000000ead78000,0x00000000eae00000)
  to   space 512K, 0% used [0x00000000eae00000,0x00000000eae00000,0x00000000eae80000)
 ParOldGen       total 369152K, used 368827K [0x00000000c0000000, 0x00000000d6880000, 0x00000000eab00000)
  object space 369152K, 99% used [0x00000000c0000000,0x00000000d682eec8,0x00000000d6880000)
 Metaspace       used 59500K, committed 60864K, reserved 1114112K
  class space    used 6140K, committed 6784K, reserved 1048576K
}
Event: 8.435 GC heap before
{Heap before GC invocations=325 (full 3):
 PSYoungGen      total 3072K, used 2528K [0x00000000eab00000, 0x00000000eae80000, 0x0000000100000000)
  eden space 2048K, 100% used [0x00000000eab00000,0x00000000ead00000,0x00000000ead00000)
  from space 1024K, 46% used [0x00000000ead00000,0x00000000ead78000,0x00000000eae00000)
  to   space 512K, 0% used [0x00000000eae00000,0x00000000eae00000,0x00000000eae80000)
 ParOldGen       total 369152K, used 368827K [0x00000000c0000000, 0x00000000d6880000, 0x00000000eab00000)
  object space 369152K, 99% used [0x00000000c0000000,0x00000000d682eec8,0x00000000d6880000)
 Metaspace       used 59500K, committed 60864K, reserved 1114112K
  class space    used 6140K, committed 6784K, reserved 1048576K
}
Event: 8.436 GC heap after
{Heap after GC invocations=325 (full 3):
 PSYoungGen      total 2560K, used 480K [0x00000000eab00000, 0x00000000eae80000, 0x0000000100000000)
  eden space 2048K, 0% used [0x00000000eab00000,0x00000000eab00000,0x00000000ead00000)
  from space 512K, 93% used [0x00000000eae00000,0x00000000eae78000,0x00000000eae80000)
  to   space 512K, 0% used [0x00000000ead80000,0x00000000ead80000,0x00000000eae00000)
 ParOldGen       total 369664K, used 369171K [0x00000000c0000000, 0x00000000d6900000, 0x00000000eab00000)
  object space 369664K, 99% used [0x00000000c0000000,0x00000000d6884ec8,0x00000000d6900000)
 Metaspace       used 59500K, committed 60864K, reserved 1114112K
  class space    used 6140K, committed 6784K, reserved 1048576K
}
Event: 8.441 GC heap before
{Heap before GC invocations=326 (full 3):
 PSYoungGen      total 2560K, used 2518K [0x00000000eab00000, 0x00000000eae80000, 0x0000000100000000)
  eden space 2048K, 99% used [0x00000000eab00000,0x00000000eacfdaf8,0x00000000ead00000)
  from space 512K, 93% used [0x00000000eae00000,0x00000000eae78000,0x00000000eae80000)
  to   space 512K, 0% used [0x00000000ead80000,0x00000000ead80000,0x00000000eae00000)
 ParOldGen       total 369664K, used 369171K [0x00000000c0000000, 0x00000000d6900000, 0x00000000eab00000)
  object space 369664K, 99% used [0x00000000c0000000,0x00000000d6884ec8,0x00000000d6900000)
 Metaspace       used 59500K, committed 60864K, reserved 1114112K
  class space    used 6140K, committed 6784K, reserved 1048576K
}
Event: 8.442 GC heap after
{Heap after GC invocations=326 (full 3):
 PSYoungGen      total 2560K, used 448K [0x00000000eab00000, 0x00000000eae80000, 0x0000000100000000)
  eden space 2048K, 0% used [0x00000000eab00000,0x00000000eab00000,0x00000000ead00000)
  from space 512K, 87% used [0x00000000ead80000,0x00000000eadf0000,0x00000000eae00000)
  to   space 512K, 0% used [0x00000000eae00000,0x00000000eae00000,0x00000000eae80000)
 ParOldGen       total 369664K, used 369483K [0x00000000c0000000, 0x00000000d6900000, 0x00000000eab00000)
  object space 369664K, 99% used [0x00000000c0000000,0x00000000d68d2ec8,0x00000000d6900000)
 Metaspace       used 59500K, committed 60864K, reserved 1114112K
  class space    used 6140K, committed 6784K, reserved 1048576K
}
Event: 8.449 GC heap before
{Heap before GC invocations=327 (full 3):
 PSYoungGen      total 2560K, used 2489K [0x00000000eab00000, 0x00000000eae80000, 0x0000000100000000)
  eden space 2048K, 99% used [0x00000000eab00000,0x00000000eacfe648,0x00000000ead00000)
  from space 512K, 87% used [0x00000000ead80000,0x00000000eadf0000,0x00000000eae00000)
  to   space 512K, 0% used [0x00000000eae00000,0x00000000eae00000,0x00000000eae80000)
 ParOldGen       total 369664K, used 369483K [0x00000000c0000000, 0x00000000d6900000, 0x00000000eab00000)
  object space 369664K, 99% used [0x00000000c0000000,0x00000000d68d2ec8,0x00000000d6900000)
 Metaspace       used 59513K, committed 60928K, reserved 1114112K
  class space    used 6140K, committed 6784K, reserved 1048576K
}
Event: 8.450 GC heap after
{Heap after GC invocations=327 (full 3):
 PSYoungGen      total 2560K, used 416K [0x00000000eab00000, 0x00000000eae80000, 0x0000000100000000)
  eden space 2048K, 0% used [0x00000000eab00000,0x00000000eab00000,0x00000000ead00000)
  from space 512K, 81% used [0x00000000eae00000,0x00000000eae68000,0x00000000eae80000)
  to   space 512K, 0% used [0x00000000ead80000,0x00000000ead80000,0x00000000eae00000)
 ParOldGen       total 370176K, used 369763K [0x00000000c0000000, 0x00000000d6980000, 0x00000000eab00000)
  object space 370176K, 99% used [0x00000000c0000000,0x00000000d6918ec8,0x00000000d6980000)
 Metaspace       used 59513K, committed 60928K, reserved 1114112K
  class space    used 6140K, committed 6784K, reserved 1048576K
}
Event: 8.455 GC heap before
{Heap before GC invocations=328 (full 3):
 PSYoungGen      total 2560K, used 2464K [0x00000000eab00000, 0x00000000eae80000, 0x0000000100000000)
  eden space 2048K, 100% used [0x00000000eab00000,0x00000000ead00000,0x00000000ead00000)
  from space 512K, 81% used [0x00000000eae00000,0x00000000eae68000,0x00000000eae80000)
  to   space 512K, 0% used [0x00000000ead80000,0x00000000ead80000,0x00000000eae00000)
 ParOldGen       total 370176K, used 369763K [0x00000000c0000000, 0x00000000d6980000, 0x00000000eab00000)
  object space 370176K, 99% used [0x00000000c0000000,0x00000000d6918ec8,0x00000000d6980000)
 Metaspace       used 59513K, committed 60928K, reserved 1114112K
  class space    used 6140K, committed 6784K, reserved 1048576K
}
Event: 8.456 GC heap after
{Heap after GC invocations=328 (full 3):
 PSYoungGen      total 2560K, used 384K [0x00000000eab00000, 0x00000000eae80000, 0x0000000100000000)
  eden space 2048K, 0% used [0x00000000eab00000,0x00000000eab00000,0x00000000ead00000)
  from space 512K, 75% used [0x00000000ead80000,0x00000000eade0000,0x00000000eae00000)
  to   space 512K, 0% used [0x00000000eae00000,0x00000000eae00000,0x00000000eae80000)
 ParOldGen       total 370176K, used 370091K [0x00000000c0000000, 0x00000000d6980000, 0x00000000eab00000)
  object space 370176K, 99% used [0x00000000c0000000,0x00000000d696aec8,0x00000000d6980000)
 Metaspace       used 59513K, committed 60928K, reserved 1114112K
  class space    used 6140K, committed 6784K, reserved 1048576K
}
Event: 8.461 GC heap before
{Heap before GC invocations=329 (full 3):
 PSYoungGen      total 2560K, used 2432K [0x00000000eab00000, 0x00000000eae80000, 0x0000000100000000)
  eden space 2048K, 100% used [0x00000000eab00000,0x00000000ead00000,0x00000000ead00000)
  from space 512K, 75% used [0x00000000ead80000,0x00000000eade0000,0x00000000eae00000)
  to   space 512K, 0% used [0x00000000eae00000,0x00000000eae00000,0x00000000eae80000)
 ParOldGen       total 370176K, used 370091K [0x00000000c0000000, 0x00000000d6980000, 0x00000000eab00000)
  object space 370176K, 99% used [0x00000000c0000000,0x00000000d696aec8,0x00000000d6980000)
 Metaspace       used 59513K, committed 60928K, reserved 1114112K
  class space    used 6140K, committed 6784K, reserved 1048576K
}
Event: 8.463 GC heap after
{Heap after GC invocations=329 (full 3):
 PSYoungGen      total 2560K, used 428K [0x00000000eab00000, 0x00000000eae80000, 0x0000000100000000)
  eden space 2048K, 0% used [0x00000000eab00000,0x00000000eab00000,0x00000000ead00000)
  from space 512K, 83% used [0x00000000eae00000,0x00000000eae6b008,0x00000000eae80000)
  to   space 512K, 0% used [0x00000000ead80000,0x00000000ead80000,0x00000000eae00000)
 ParOldGen       total 370688K, used 370387K [0x00000000c0000000, 0x00000000d6a00000, 0x00000000eab00000)
  object space 370688K, 99% used [0x00000000c0000000,0x00000000d69b4ec8,0x00000000d6a00000)
 Metaspace       used 59513K, committed 60928K, reserved 1114112K
  class space    used 6140K, committed 6784K, reserved 1048576K
}
Event: 8.468 GC heap before
{Heap before GC invocations=330 (full 3):
 PSYoungGen      total 2560K, used 2476K [0x00000000eab00000, 0x00000000eae80000, 0x0000000100000000)
  eden space 2048K, 100% used [0x00000000eab00000,0x00000000ead00000,0x00000000ead00000)
  from space 512K, 83% used [0x00000000eae00000,0x00000000eae6b008,0x00000000eae80000)
  to   space 512K, 0% used [0x00000000ead80000,0x00000000ead80000,0x00000000eae00000)
 ParOldGen       total 370688K, used 370387K [0x00000000c0000000, 0x00000000d6a00000, 0x00000000eab00000)
  object space 370688K, 99% used [0x00000000c0000000,0x00000000d69b4ec8,0x00000000d6a00000)
 Metaspace       used 59514K, committed 60928K, reserved 1114112K
  class space    used 6140K, committed 6784K, reserved 1048576K
}
Event: 8.469 GC heap after
{Heap after GC invocations=330 (full 3):
 PSYoungGen      total 2560K, used 448K [0x00000000eab00000, 0x00000000eae80000, 0x0000000100000000)
  eden space 2048K, 0% used [0x00000000eab00000,0x00000000eab00000,0x00000000ead00000)
  from space 512K, 87% used [0x00000000ead80000,0x00000000eadf0000,0x00000000eae00000)
  to   space 512K, 0% used [0x00000000eae00000,0x00000000eae00000,0x00000000eae80000)
 ParOldGen       total 371200K, used 370751K [0x00000000c0000000, 0x00000000d6a80000, 0x00000000eab00000)
  object space 371200K, 99% used [0x00000000c0000000,0x00000000d6a0fed0,0x00000000d6a80000)
 Metaspace       used 59514K, committed 60928K, reserved 1114112K
  class space    used 6140K, committed 6784K, reserved 1048576K
}
Event: 8.475 GC heap before
{Heap before GC invocations=331 (full 3):
 PSYoungGen      total 2560K, used 2496K [0x00000000eab00000, 0x00000000eae80000, 0x0000000100000000)
  eden space 2048K, 100% used [0x00000000eab00000,0x00000000ead00000,0x00000000ead00000)
  from space 512K, 87% used [0x00000000ead80000,0x00000000eadf0000,0x00000000eae00000)
  to   space 512K, 0% used [0x00000000eae00000,0x00000000eae00000,0x00000000eae80000)
 ParOldGen       total 371200K, used 370751K [0x00000000c0000000, 0x00000000d6a80000, 0x00000000eab00000)
  object space 371200K, 99% used [0x00000000c0000000,0x00000000d6a0fed0,0x00000000d6a80000)
 Metaspace       used 59514K, committed 60928K, reserved 1114112K
  class space    used 6140K, committed 6784K, reserved 1048576K
}
Event: 8.477 GC heap after
{Heap after GC invocations=331 (full 3):
 PSYoungGen      total 2560K, used 448K [0x00000000eab00000, 0x00000000eae80000, 0x0000000100000000)
  eden space 2048K, 0% used [0x00000000eab00000,0x00000000eab00000,0x00000000ead00000)
  from space 512K, 87% used [0x00000000eae00000,0x00000000eae70000,0x00000000eae80000)
  to   space 512K, 0% used [0x00000000ead80000,0x00000000ead80000,0x00000000eae00000)
 ParOldGen       total 371200K, used 371055K [0x00000000c0000000, 0x00000000d6a80000, 0x00000000eab00000)
  object space 371200K, 99% used [0x00000000c0000000,0x00000000d6a5bed0,0x00000000d6a80000)
 Metaspace       used 59514K, committed 60928K, reserved 1114112K
  class space    used 6140K, committed 6784K, reserved 1048576K
}
Event: 8.483 GC heap before
{Heap before GC invocations=332 (full 3):
 PSYoungGen      total 2560K, used 2496K [0x00000000eab00000, 0x00000000eae80000, 0x0000000100000000)
  eden space 2048K, 100% used [0x00000000eab00000,0x00000000ead00000,0x00000000ead00000)
  from space 512K, 87% used [0x00000000eae00000,0x00000000eae70000,0x00000000eae80000)
  to   space 512K, 0% used [0x00000000ead80000,0x00000000ead80000,0x00000000eae00000)
 ParOldGen       total 371200K, used 371055K [0x00000000c0000000, 0x00000000d6a80000, 0x00000000eab00000)
  object space 371200K, 99% used [0x00000000c0000000,0x00000000d6a5bed0,0x00000000d6a80000)
 Metaspace       used 59516K, committed 60928K, reserved 1114112K
  class space    used 6141K, committed 6784K, reserved 1048576K
}
Event: 8.484 GC heap after
{Heap after GC invocations=332 (full 3):
 PSYoungGen      total 2560K, used 416K [0x00000000eab00000, 0x00000000eae80000, 0x0000000100000000)
  eden space 2048K, 0% used [0x00000000eab00000,0x00000000eab00000,0x00000000ead00000)
  from space 512K, 81% used [0x00000000ead80000,0x00000000eade8000,0x00000000eae00000)
  to   space 512K, 0% used [0x00000000eae00000,0x00000000eae00000,0x00000000eae80000)
 ParOldGen       total 371712K, used 371327K [0x00000000c0000000, 0x00000000d6b00000, 0x00000000eab00000)
  object space 371712K, 99% used [0x00000000c0000000,0x00000000d6a9fed0,0x00000000d6b00000)
 Metaspace       used 59516K, committed 60928K, reserved 1114112K
  class space    used 6141K, committed 6784K, reserved 1048576K
}
Event: 8.490 GC heap before
{Heap before GC invocations=333 (full 3):
 PSYoungGen      total 2560K, used 2463K [0x00000000eab00000, 0x00000000eae80000, 0x0000000100000000)
  eden space 2048K, 99% used [0x00000000eab00000,0x00000000eacffe68,0x00000000ead00000)
  from space 512K, 81% used [0x00000000ead80000,0x00000000eade8000,0x00000000eae00000)
  to   space 512K, 0% used [0x00000000eae00000,0x00000000eae00000,0x00000000eae80000)
 ParOldGen       total 371712K, used 371327K [0x00000000c0000000, 0x00000000d6b00000, 0x00000000eab00000)
  object space 371712K, 99% used [0x00000000c0000000,0x00000000d6a9fed0,0x00000000d6b00000)
 Metaspace       used 59516K, committed 60928K, reserved 1114112K
  class space    used 6141K, committed 6784K, reserved 1048576K
}
Event: 8.491 GC heap after
{Heap after GC invocations=333 (full 3):
 PSYoungGen      total 2560K, used 416K [0x00000000eab00000, 0x00000000eae80000, 0x0000000100000000)
  eden space 2048K, 0% used [0x00000000eab00000,0x00000000eab00000,0x00000000ead00000)
  from space 512K, 81% used [0x00000000eae00000,0x00000000eae68000,0x00000000eae80000)
  to   space 512K, 0% used [0x00000000ead80000,0x00000000ead80000,0x00000000eae00000)
 ParOldGen       total 371712K, used 371622K [0x00000000c0000000, 0x00000000d6b00000, 0x00000000eab00000)
  object space 371712K, 99% used [0x00000000c0000000,0x00000000d6ae99d8,0x00000000d6b00000)
 Metaspace       used 59516K, committed 60928K, reserved 1114112K
  class space    used 6141K, committed 6784K, reserved 1048576K
}

