# JRE version: OpenJDK Runtime Environment Temurin-21.0.6+7 (21.0.6+7) (build 21.0.6+7-LTS)
# Java VM: OpenJDK 64-Bit Server VM Temurin-21.0.6+7 (21.0.6+7-LTS, mixed mode, sharing, tiered, compressed oops, compressed class ptrs, parallel gc, windows-amd64)
GC Precious Log:
 CardTable entry size: 512
 CPUs: 12 total, 12 available
 Memory: 7914M
 Large Page Support: Disabled
 NUMA Support: Disabled
 Compressed Oops: Enabled (32-bit)
 Alignments: Space 512K, Generation 512K, Heap 2M
 Heap Min Capacity: 100M
 Heap Initial Capacity: 100M
 Heap Max Capacity: 1G
 Pre-touch: Disabled
 Parallel Workers: 10
Heap:
 PSYoungGen      total 5120K, used 3613K [0x00000000eab00000, 0x00000000eb100000, 0x0000000100000000)
  eden space 4096K, 72% used [0x00000000eab00000,0x00000000eade74f8,0x00000000eaf00000)
  from space 1024K, 62% used [0x00000000eaf00000,0x00000000eafa0000,0x00000000eb000000)
  to   space 1024K, 0% used [0x00000000eb000000,0x00000000eb000000,0x00000000eb100000)
 ParOldGen       total 408064K, used 408056K [0x00000000c0000000, 0x00000000d8e80000, 0x00000000eab00000)
  object space 408064K, 99% used [0x00000000c0000000,0x00000000d8e7e390,0x00000000d8e80000)
 Metaspace       used 63511K, committed 64960K, reserved 1114112K
  class space    used 6507K, committed 7168K, reserved 1048576K
GC Heap History (20 events):
Event: 17.022 GC heap before
{Heap before GC invocations=560 (full 4):
 PSYoungGen      total 5120K, used 4576K [0x00000000eab00000, 0x00000000eb180000, 0x0000000100000000)
  eden space 4096K, 100% used [0x00000000eab00000,0x00000000eaf00000,0x00000000eaf00000)
  from space 1024K, 46% used [0x00000000eb000000,0x00000000eb078000,0x00000000eb100000)
  to   space 1024K, 0% used [0x00000000eaf00000,0x00000000eaf00000,0x00000000eb000000)
 ParOldGen       total 402432K, used 402075K [0x00000000c0000000, 0x00000000d8900000, 0x00000000eab00000)
  object space 402432K, 99% used [0x00000000c0000000,0x00000000d88a6d48,0x00000000d8900000)
 Metaspace       used 63428K, committed 64896K, reserved 1114112K
  class space    used 6499K, committed 7104K, reserved 1048576K
}
Event: 17.023 GC heap after
{Heap after GC invocations=560 (full 4):
 PSYoungGen      total 5120K, used 704K [0x00000000eab00000, 0x00000000eb100000, 0x0000000100000000)
  eden space 4096K, 0% used [0x00000000eab00000,0x00000000eab00000,0x00000000eaf00000)
  from space 1024K, 68% used [0x00000000eaf00000,0x00000000eafb0000,0x00000000eb000000)
  to   space 1024K, 0% used [0x00000000eb000000,0x00000000eb000000,0x00000000eb100000)
 ParOldGen       total 402944K, used 402483K [0x00000000c0000000, 0x00000000d8980000, 0x00000000eab00000)
  object space 402944K, 99% used [0x00000000c0000000,0x00000000d890cd68,0x00000000d8980000)
 Metaspace       used 63428K, committed 64896K, reserved 1114112K
  class space    used 6499K, committed 7104K, reserved 1048576K
}
Event: 17.040 GC heap before
{Heap before GC invocations=561 (full 4):
 PSYoungGen      total 5120K, used 4800K [0x00000000eab00000, 0x00000000eb100000, 0x0000000100000000)
  eden space 4096K, 100% used [0x00000000eab00000,0x00000000eaf00000,0x00000000eaf00000)
  from space 1024K, 68% used [0x00000000eaf00000,0x00000000eafb0000,0x00000000eb000000)
  to   space 1024K, 0% used [0x00000000eb000000,0x00000000eb000000,0x00000000eb100000)
 ParOldGen       total 402944K, used 402483K [0x00000000c0000000, 0x00000000d8980000, 0x00000000eab00000)
  object space 402944K, 99% used [0x00000000c0000000,0x00000000d890cd68,0x00000000d8980000)
 Metaspace       used 63477K, committed 64960K, reserved 1114112K
  class space    used 6503K, committed 7168K, reserved 1048576K
}
Event: 17.041 GC heap after
{Heap after GC invocations=561 (full 4):
 PSYoungGen      total 5120K, used 608K [0x00000000eab00000, 0x00000000eb100000, 0x0000000100000000)
  eden space 4096K, 0% used [0x00000000eab00000,0x00000000eab00000,0x00000000eaf00000)
  from space 1024K, 59% used [0x00000000eb000000,0x00000000eb098000,0x00000000eb100000)
  to   space 1024K, 0% used [0x00000000eaf00000,0x00000000eaf00000,0x00000000eb000000)
 ParOldGen       total 403456K, used 403019K [0x00000000c0000000, 0x00000000d8a00000, 0x00000000eab00000)
  object space 403456K, 99% used [0x00000000c0000000,0x00000000d8992d68,0x00000000d8a00000)
 Metaspace       used 63477K, committed 64960K, reserved 1114112K
  class space    used 6503K, committed 7168K, reserved 1048576K
}
Event: 17.051 GC heap before
{Heap before GC invocations=562 (full 4):
 PSYoungGen      total 5120K, used 4699K [0x00000000eab00000, 0x00000000eb100000, 0x0000000100000000)
  eden space 4096K, 99% used [0x00000000eab00000,0x00000000eaefedb0,0x00000000eaf00000)
  from space 1024K, 59% used [0x00000000eb000000,0x00000000eb098000,0x00000000eb100000)
  to   space 1024K, 0% used [0x00000000eaf00000,0x00000000eaf00000,0x00000000eb000000)
 ParOldGen       total 403456K, used 403019K [0x00000000c0000000, 0x00000000d8a00000, 0x00000000eab00000)
  object space 403456K, 99% used [0x00000000c0000000,0x00000000d8992d68,0x00000000d8a00000)
 Metaspace       used 63480K, committed 64960K, reserved 1114112K
  class space    used 6503K, committed 7168K, reserved 1048576K
}
Event: 17.052 GC heap after
{Heap after GC invocations=562 (full 4):
 PSYoungGen      total 5120K, used 588K [0x00000000eab00000, 0x00000000eb100000, 0x0000000100000000)
  eden space 4096K, 0% used [0x00000000eab00000,0x00000000eab00000,0x00000000eaf00000)
  from space 1024K, 57% used [0x00000000eaf00000,0x00000000eaf93008,0x00000000eb000000)
  to   space 1024K, 0% used [0x00000000eb000000,0x00000000eb000000,0x00000000eb100000)
 ParOldGen       total 403968K, used 403547K [0x00000000c0000000, 0x00000000d8a80000, 0x00000000eab00000)
  object space 403968K, 99% used [0x00000000c0000000,0x00000000d8a16d68,0x00000000d8a80000)
 Metaspace       used 63480K, committed 64960K, reserved 1114112K
  class space    used 6503K, committed 7168K, reserved 1048576K
}
Event: 17.061 GC heap before
{Heap before GC invocations=563 (full 4):
 PSYoungGen      total 5120K, used 4120K [0x00000000eab00000, 0x00000000eb100000, 0x0000000100000000)
  eden space 4096K, 86% used [0x00000000eab00000,0x00000000eae73268,0x00000000eaf00000)
  from space 1024K, 57% used [0x00000000eaf00000,0x00000000eaf93008,0x00000000eb000000)
  to   space 1024K, 0% used [0x00000000eb000000,0x00000000eb000000,0x00000000eb100000)
 ParOldGen       total 403968K, used 403547K [0x00000000c0000000, 0x00000000d8a80000, 0x00000000eab00000)
  object space 403968K, 99% used [0x00000000c0000000,0x00000000d8a16d68,0x00000000d8a80000)
 Metaspace       used 63481K, committed 64960K, reserved 1114112K
  class space    used 6503K, committed 7168K, reserved 1048576K
}
Event: 17.063 GC heap after
{Heap after GC invocations=563 (full 4):
 PSYoungGen      total 5120K, used 480K [0x00000000eab00000, 0x00000000eb100000, 0x0000000100000000)
  eden space 4096K, 0% used [0x00000000eab00000,0x00000000eab00000,0x00000000eaf00000)
  from space 1024K, 46% used [0x00000000eb000000,0x00000000eb078000,0x00000000eb100000)
  to   space 1024K, 0% used [0x00000000eaf00000,0x00000000eaf00000,0x00000000eb000000)
 ParOldGen       total 404480K, used 404155K [0x00000000c0000000, 0x00000000d8b00000, 0x00000000eab00000)
  object space 404480K, 99% used [0x00000000c0000000,0x00000000d8aaed78,0x00000000d8b00000)
 Metaspace       used 63481K, committed 64960K, reserved 1114112K
  class space    used 6503K, committed 7168K, reserved 1048576K
}
Event: 17.071 GC heap before
{Heap before GC invocations=564 (full 4):
 PSYoungGen      total 5120K, used 4576K [0x00000000eab00000, 0x00000000eb100000, 0x0000000100000000)
  eden space 4096K, 100% used [0x00000000eab00000,0x00000000eaf00000,0x00000000eaf00000)
  from space 1024K, 46% used [0x00000000eb000000,0x00000000eb078000,0x00000000eb100000)
  to   space 1024K, 0% used [0x00000000eaf00000,0x00000000eaf00000,0x00000000eb000000)
 ParOldGen       total 404480K, used 404155K [0x00000000c0000000, 0x00000000d8b00000, 0x00000000eab00000)
  object space 404480K, 99% used [0x00000000c0000000,0x00000000d8aaed78,0x00000000d8b00000)
 Metaspace       used 63481K, committed 64960K, reserved 1114112K
  class space    used 6503K, committed 7168K, reserved 1048576K
}
Event: 17.073 GC heap after
{Heap after GC invocations=564 (full 4):
 PSYoungGen      total 5120K, used 448K [0x00000000eab00000, 0x00000000eb080000, 0x0000000100000000)
  eden space 4096K, 0% used [0x00000000eab00000,0x00000000eab00000,0x00000000eaf00000)
  from space 1024K, 43% used [0x00000000eaf00000,0x00000000eaf70000,0x00000000eb000000)
  to   space 512K, 0% used [0x00000000eb000000,0x00000000eb000000,0x00000000eb080000)
 ParOldGen       total 404480K, used 404475K [0x00000000c0000000, 0x00000000d8b00000, 0x00000000eab00000)
  object space 404480K, 99% used [0x00000000c0000000,0x00000000d8afed78,0x00000000d8b00000)
 Metaspace       used 63481K, committed 64960K, reserved 1114112K
  class space    used 6503K, committed 7168K, reserved 1048576K
}
Event: 17.088 GC heap before
{Heap before GC invocations=565 (full 4):
 PSYoungGen      total 5120K, used 4544K [0x00000000eab00000, 0x00000000eb080000, 0x0000000100000000)
  eden space 4096K, 100% used [0x00000000eab00000,0x00000000eaf00000,0x00000000eaf00000)
  from space 1024K, 43% used [0x00000000eaf00000,0x00000000eaf70000,0x00000000eb000000)
  to   space 512K, 0% used [0x00000000eb000000,0x00000000eb000000,0x00000000eb080000)
 ParOldGen       total 404480K, used 404475K [0x00000000c0000000, 0x00000000d8b00000, 0x00000000eab00000)
  object space 404480K, 99% used [0x00000000c0000000,0x00000000d8afed78,0x00000000d8b00000)
 Metaspace       used 63481K, committed 64960K, reserved 1114112K
  class space    used 6503K, committed 7168K, reserved 1048576K
}
Event: 17.089 GC heap after
{Heap after GC invocations=565 (full 4):
 PSYoungGen      total 4608K, used 512K [0x00000000eab00000, 0x00000000eb100000, 0x0000000100000000)
  eden space 4096K, 0% used [0x00000000eab00000,0x00000000eab00000,0x00000000eaf00000)
  from space 512K, 100% used [0x00000000eb000000,0x00000000eb080000,0x00000000eb080000)
  to   space 1024K, 0% used [0x00000000eaf00000,0x00000000eaf00000,0x00000000eb000000)
 ParOldGen       total 404992K, used 404747K [0x00000000c0000000, 0x00000000d8b80000, 0x00000000eab00000)
  object space 404992K, 99% used [0x00000000c0000000,0x00000000d8b42d78,0x00000000d8b80000)
 Metaspace       used 63481K, committed 64960K, reserved 1114112K
  class space    used 6503K, committed 7168K, reserved 1048576K
}
Event: 17.100 GC heap before
{Heap before GC invocations=566 (full 4):
 PSYoungGen      total 4608K, used 4608K [0x00000000eab00000, 0x00000000eb100000, 0x0000000100000000)
  eden space 4096K, 100% used [0x00000000eab00000,0x00000000eaf00000,0x00000000eaf00000)
  from space 512K, 100% used [0x00000000eb000000,0x00000000eb080000,0x00000000eb080000)
  to   space 1024K, 0% used [0x00000000eaf00000,0x00000000eaf00000,0x00000000eb000000)
 ParOldGen       total 404992K, used 404747K [0x00000000c0000000, 0x00000000d8b80000, 0x00000000eab00000)
  object space 404992K, 99% used [0x00000000c0000000,0x00000000d8b42d78,0x00000000d8b80000)
 Metaspace       used 63481K, committed 64960K, reserved 1114112K
  class space    used 6503K, committed 7168K, reserved 1048576K
}
Event: 17.102 GC heap after
{Heap after GC invocations=566 (full 4):
 PSYoungGen      total 5120K, used 640K [0x00000000eab00000, 0x00000000eb100000, 0x0000000100000000)
  eden space 4096K, 0% used [0x00000000eab00000,0x00000000eab00000,0x00000000eaf00000)
  from space 1024K, 62% used [0x00000000eaf00000,0x00000000eafa0288,0x00000000eb000000)
  to   space 1024K, 0% used [0x00000000eb000000,0x00000000eb000000,0x00000000eb100000)
 ParOldGen       total 405504K, used 405136K [0x00000000c0000000, 0x00000000d8c00000, 0x00000000eab00000)
  object space 405504K, 99% used [0x00000000c0000000,0x00000000d8ba4388,0x00000000d8c00000)
 Metaspace       used 63481K, committed 64960K, reserved 1114112K
  class space    used 6503K, committed 7168K, reserved 1048576K
}
Event: 17.120 GC heap before
{Heap before GC invocations=567 (full 4):
 PSYoungGen      total 5120K, used 4729K [0x00000000eab00000, 0x00000000eb100000, 0x0000000100000000)
  eden space 4096K, 99% used [0x00000000eab00000,0x00000000eaefe370,0x00000000eaf00000)
  from space 1024K, 62% used [0x00000000eaf00000,0x00000000eafa0288,0x00000000eb000000)
  to   space 1024K, 0% used [0x00000000eb000000,0x00000000eb000000,0x00000000eb100000)
 ParOldGen       total 405504K, used 405136K [0x00000000c0000000, 0x00000000d8c00000, 0x00000000eab00000)
  object space 405504K, 99% used [0x00000000c0000000,0x00000000d8ba4388,0x00000000d8c00000)
 Metaspace       used 63491K, committed 64960K, reserved 1114112K
  class space    used 6506K, committed 7168K, reserved 1048576K
}
Event: 17.123 GC heap after
{Heap after GC invocations=567 (full 4):
 PSYoungGen      total 5120K, used 680K [0x00000000eab00000, 0x00000000eb100000, 0x0000000100000000)
  eden space 4096K, 0% used [0x00000000eab00000,0x00000000eab00000,0x00000000eaf00000)
  from space 1024K, 66% used [0x00000000eb000000,0x00000000eb0aa188,0x00000000eb100000)
  to   space 1024K, 0% used [0x00000000eaf00000,0x00000000eaf00000,0x00000000eb000000)
 ParOldGen       total 405504K, used 405488K [0x00000000c0000000, 0x00000000d8c00000, 0x00000000eab00000)
  object space 405504K, 99% used [0x00000000c0000000,0x00000000d8bfc388,0x00000000d8c00000)
 Metaspace       used 63491K, committed 64960K, reserved 1114112K
  class space    used 6506K, committed 7168K, reserved 1048576K
}
Event: 17.138 GC heap before
{Heap before GC invocations=568 (full 4):
 PSYoungGen      total 5120K, used 4776K [0x00000000eab00000, 0x00000000eb100000, 0x0000000100000000)
  eden space 4096K, 100% used [0x00000000eab00000,0x00000000eaf00000,0x00000000eaf00000)
  from space 1024K, 66% used [0x00000000eb000000,0x00000000eb0aa188,0x00000000eb100000)
  to   space 1024K, 0% used [0x00000000eaf00000,0x00000000eaf00000,0x00000000eb000000)
 ParOldGen       total 405504K, used 405488K [0x00000000c0000000, 0x00000000d8c00000, 0x00000000eab00000)
  object space 405504K, 99% used [0x00000000c0000000,0x00000000d8bfc388,0x00000000d8c00000)
 Metaspace       used 63492K, committed 64960K, reserved 1114112K
  class space    used 6506K, committed 7168K, reserved 1048576K
}
Event: 17.140 GC heap after
{Heap after GC invocations=568 (full 4):
 PSYoungGen      total 5120K, used 608K [0x00000000eab00000, 0x00000000eb100000, 0x0000000100000000)
  eden space 4096K, 0% used [0x00000000eab00000,0x00000000eab00000,0x00000000eaf00000)
  from space 1024K, 59% used [0x00000000eaf00000,0x00000000eaf98000,0x00000000eb000000)
  to   space 1024K, 0% used [0x00000000eb000000,0x00000000eb000000,0x00000000eb100000)
 ParOldGen       total 406016K, used 405936K [0x00000000c0000000, 0x00000000d8c80000, 0x00000000eab00000)
  object space 406016K, 99% used [0x00000000c0000000,0x00000000d8c6c388,0x00000000d8c80000)
 Metaspace       used 63492K, committed 64960K, reserved 1114112K
  class space    used 6506K, committed 7168K, reserved 1048576K
}
Event: 17.158 GC heap before
{Heap before GC invocations=569 (full 4):
 PSYoungGen      total 5120K, used 4704K [0x00000000eab00000, 0x00000000eb100000, 0x0000000100000000)
  eden space 4096K, 100% used [0x00000000eab00000,0x00000000eaf00000,0x00000000eaf00000)
  from space 1024K, 59% used [0x00000000eaf00000,0x00000000eaf98000,0x00000000eb000000)
  to   space 1024K, 0% used [0x00000000eb000000,0x00000000eb000000,0x00000000eb100000)
 ParOldGen       total 406016K, used 405936K [0x00000000c0000000, 0x00000000d8c80000, 0x00000000eab00000)
  object space 406016K, 99% used [0x00000000c0000000,0x00000000d8c6c388,0x00000000d8c80000)
 Metaspace       used 63496K, committed 64960K, reserved 1114112K
  class space    used 6507K, committed 7168K, reserved 1048576K
}
Event: 17.160 GC heap after
{Heap after GC invocations=569 (full 4):
 PSYoungGen      total 5120K, used 672K [0x00000000eab00000, 0x00000000eb100000, 0x0000000100000000)
  eden space 4096K, 0% used [0x00000000eab00000,0x00000000eab00000,0x00000000eaf00000)
  from space 1024K, 65% used [0x00000000eb000000,0x00000000eb0a8000,0x00000000eb100000)
  to   space 1024K, 0% used [0x00000000eaf00000,0x00000000eaf00000,0x00000000eb000000)
 ParOldGen       total 406528K, used 406472K [0x00000000c0000000, 0x00000000d8d00000, 0x00000000eab00000)
  object space 406528K, 99% used [0x00000000c0000000,0x00000000d8cf2388,0x00000000d8d00000)
 Metaspace       used 63496K, committed 64960K, reserved 1114112K
  class space    used 6507K, committed 7168K, reserved 1048576K
}

