# JRE version: OpenJDK Runtime Environment Temurin-21.0.6+7 (21.0.6+7) (build 21.0.6+7-LTS)
# Java VM: OpenJDK 64-Bit Server VM Temurin-21.0.6+7 (21.0.6+7-LTS, mixed mode, sharing, tiered, compressed oops, compressed class ptrs, parallel gc, windows-amd64)
GC Precious Log:
 CardTable entry size: 512
 CPUs: 12 total, 12 available
 Memory: 7914M
 Large Page Support: Disabled
 NUMA Support: Disabled
 Compressed Oops: Enabled (32-bit)
 Alignments: Space 512K, Generation 512K, Heap 2M
 Heap Min Capacity: 100M
 Heap Initial Capacity: 100M
 Heap Max Capacity: 1G
 Pre-touch: Disabled
 Parallel Workers: 10
Heap:
 PSYoungGen      total 7680K, used 1507K [0x00000000eab00000, 0x00000000eb400000, 0x0000000100000000)
  eden space 6144K, 0% used [0x00000000eab00000,0x00000000eab00000,0x00000000eb100000)
  from space 1536K, 98% used [0x00000000eb280000,0x00000000eb3f8e80,0x00000000eb400000)
  to   space 1536K, 0% used [0x00000000eb100000,0x00000000eb100000,0x00000000eb280000)
 ParOldGen       total 105472K, used 105278K [0x00000000c0000000, 0x00000000c6700000, 0x00000000eab00000)
  object space 105472K, 99% used [0x00000000c0000000,0x00000000c66cf818,0x00000000c6700000)
 Metaspace       used 49992K, committed 51264K, reserved 1114112K
  class space    used 5242K, committed 5888K, reserved 1048576K
GC Heap History (20 events):
Event: 4.945 GC heap after
{Heap after GC invocations=47 (full 2):
 PSYoungGen      total 9728K, used 1677K [0x00000000eab00000, 0x00000000eb780000, 0x0000000100000000)
  eden space 7680K, 0% used [0x00000000eab00000,0x00000000eab00000,0x00000000eb280000)
  from space 2048K, 81% used [0x00000000eb280000,0x00000000eb423638,0x00000000eb480000)
  to   space 2560K, 0% used [0x00000000eb500000,0x00000000eb500000,0x00000000eb780000)
 ParOldGen       total 89600K, used 89549K [0x00000000c0000000, 0x00000000c5780000, 0x00000000eab00000)
  object space 89600K, 99% used [0x00000000c0000000,0x00000000c5773468,0x00000000c5780000)
 Metaspace       used 47309K, committed 48576K, reserved 1114112K
  class space    used 4953K, committed 5568K, reserved 1048576K
}
Event: 4.967 GC heap before
{Heap before GC invocations=48 (full 2):
 PSYoungGen      total 9728K, used 9341K [0x00000000eab00000, 0x00000000eb780000, 0x0000000100000000)
  eden space 7680K, 99% used [0x00000000eab00000,0x00000000eb27bf40,0x00000000eb280000)
  from space 2048K, 81% used [0x00000000eb280000,0x00000000eb423638,0x00000000eb480000)
  to   space 2560K, 0% used [0x00000000eb500000,0x00000000eb500000,0x00000000eb780000)
 ParOldGen       total 89600K, used 89549K [0x00000000c0000000, 0x00000000c5780000, 0x00000000eab00000)
  object space 89600K, 99% used [0x00000000c0000000,0x00000000c5773468,0x00000000c5780000)
 Metaspace       used 47416K, committed 48704K, reserved 1114112K
  class space    used 4970K, committed 5568K, reserved 1048576K
}
Event: 4.968 GC heap after
{Heap after GC invocations=48 (full 2):
 PSYoungGen      total 9728K, used 1741K [0x00000000eab00000, 0x00000000eb700000, 0x0000000100000000)
  eden space 7680K, 0% used [0x00000000eab00000,0x00000000eab00000,0x00000000eb280000)
  from space 2048K, 85% used [0x00000000eb500000,0x00000000eb6b37d0,0x00000000eb700000)
  to   space 2048K, 0% used [0x00000000eb280000,0x00000000eb280000,0x00000000eb480000)
 ParOldGen       total 91136K, used 91062K [0x00000000c0000000, 0x00000000c5900000, 0x00000000eab00000)
  object space 91136K, 99% used [0x00000000c0000000,0x00000000c58ed9b8,0x00000000c5900000)
 Metaspace       used 47416K, committed 48704K, reserved 1114112K
  class space    used 4970K, committed 5568K, reserved 1048576K
}
Event: 4.988 GC heap before
{Heap before GC invocations=49 (full 2):
 PSYoungGen      total 9728K, used 9421K [0x00000000eab00000, 0x00000000eb700000, 0x0000000100000000)
  eden space 7680K, 100% used [0x00000000eab00000,0x00000000eb280000,0x00000000eb280000)
  from space 2048K, 85% used [0x00000000eb500000,0x00000000eb6b37d0,0x00000000eb700000)
  to   space 2048K, 0% used [0x00000000eb280000,0x00000000eb280000,0x00000000eb480000)
 ParOldGen       total 91136K, used 91062K [0x00000000c0000000, 0x00000000c5900000, 0x00000000eab00000)
  object space 91136K, 99% used [0x00000000c0000000,0x00000000c58ed9b8,0x00000000c5900000)
 Metaspace       used 47596K, committed 48832K, reserved 1114112K
  class space    used 4999K, committed 5568K, reserved 1048576K
}
Event: 4.990 GC heap after
{Heap after GC invocations=49 (full 2):
 PSYoungGen      total 9728K, used 2031K [0x00000000eab00000, 0x00000000eb780000, 0x0000000100000000)
  eden space 7680K, 0% used [0x00000000eab00000,0x00000000eab00000,0x00000000eb280000)
  from space 2048K, 99% used [0x00000000eb280000,0x00000000eb47bed0,0x00000000eb480000)
  to   space 2560K, 0% used [0x00000000eb500000,0x00000000eb500000,0x00000000eb780000)
 ParOldGen       total 92672K, used 92664K [0x00000000c0000000, 0x00000000c5a80000, 0x00000000eab00000)
  object space 92672K, 99% used [0x00000000c0000000,0x00000000c5a7e3f8,0x00000000c5a80000)
 Metaspace       used 47596K, committed 48832K, reserved 1114112K
  class space    used 4999K, committed 5568K, reserved 1048576K
}
Event: 5.011 GC heap before
{Heap before GC invocations=50 (full 2):
 PSYoungGen      total 9728K, used 9711K [0x00000000eab00000, 0x00000000eb780000, 0x0000000100000000)
  eden space 7680K, 100% used [0x00000000eab00000,0x00000000eb280000,0x00000000eb280000)
  from space 2048K, 99% used [0x00000000eb280000,0x00000000eb47bed0,0x00000000eb480000)
  to   space 2560K, 0% used [0x00000000eb500000,0x00000000eb500000,0x00000000eb780000)
 ParOldGen       total 92672K, used 92664K [0x00000000c0000000, 0x00000000c5a80000, 0x00000000eab00000)
  object space 92672K, 99% used [0x00000000c0000000,0x00000000c5a7e3f8,0x00000000c5a80000)
 Metaspace       used 47728K, committed 49024K, reserved 1114112K
  class space    used 5022K, committed 5632K, reserved 1048576K
}
Event: 5.013 GC heap after
{Heap after GC invocations=50 (full 2):
 PSYoungGen      total 9728K, used 1731K [0x00000000eab00000, 0x00000000eb700000, 0x0000000100000000)
  eden space 7680K, 0% used [0x00000000eab00000,0x00000000eab00000,0x00000000eb280000)
  from space 2048K, 84% used [0x00000000eb500000,0x00000000eb6b0de8,0x00000000eb700000)
  to   space 2048K, 0% used [0x00000000eb280000,0x00000000eb280000,0x00000000eb480000)
 ParOldGen       total 94720K, used 94490K [0x00000000c0000000, 0x00000000c5c80000, 0x00000000eab00000)
  object space 94720K, 99% used [0x00000000c0000000,0x00000000c5c46b88,0x00000000c5c80000)
 Metaspace       used 47728K, committed 49024K, reserved 1114112K
  class space    used 5022K, committed 5632K, reserved 1048576K
}
Event: 5.036 GC heap before
{Heap before GC invocations=51 (full 2):
 PSYoungGen      total 9728K, used 9411K [0x00000000eab00000, 0x00000000eb700000, 0x0000000100000000)
  eden space 7680K, 100% used [0x00000000eab00000,0x00000000eb280000,0x00000000eb280000)
  from space 2048K, 84% used [0x00000000eb500000,0x00000000eb6b0de8,0x00000000eb700000)
  to   space 2048K, 0% used [0x00000000eb280000,0x00000000eb280000,0x00000000eb480000)
 ParOldGen       total 94720K, used 94490K [0x00000000c0000000, 0x00000000c5c80000, 0x00000000eab00000)
  object space 94720K, 99% used [0x00000000c0000000,0x00000000c5c46b88,0x00000000c5c80000)
 Metaspace       used 47931K, committed 49216K, reserved 1114112K
  class space    used 5037K, committed 5632K, reserved 1048576K
}
Event: 5.038 GC heap after
{Heap after GC invocations=51 (full 2):
 PSYoungGen      total 9728K, used 1725K [0x00000000eab00000, 0x00000000eb680000, 0x0000000100000000)
  eden space 7680K, 0% used [0x00000000eab00000,0x00000000eab00000,0x00000000eb280000)
  from space 2048K, 84% used [0x00000000eb280000,0x00000000eb42f690,0x00000000eb480000)
  to   space 2048K, 0% used [0x00000000eb480000,0x00000000eb480000,0x00000000eb680000)
 ParOldGen       total 96256K, used 96096K [0x00000000c0000000, 0x00000000c5e00000, 0x00000000eab00000)
  object space 96256K, 99% used [0x00000000c0000000,0x00000000c5dd82b0,0x00000000c5e00000)
 Metaspace       used 47931K, committed 49216K, reserved 1114112K
  class space    used 5037K, committed 5632K, reserved 1048576K
}
Event: 5.064 GC heap before
{Heap before GC invocations=52 (full 2):
 PSYoungGen      total 9728K, used 9405K [0x00000000eab00000, 0x00000000eb680000, 0x0000000100000000)
  eden space 7680K, 100% used [0x00000000eab00000,0x00000000eb280000,0x00000000eb280000)
  from space 2048K, 84% used [0x00000000eb280000,0x00000000eb42f690,0x00000000eb480000)
  to   space 2048K, 0% used [0x00000000eb480000,0x00000000eb480000,0x00000000eb680000)
 ParOldGen       total 96256K, used 96096K [0x00000000c0000000, 0x00000000c5e00000, 0x00000000eab00000)
  object space 96256K, 99% used [0x00000000c0000000,0x00000000c5dd82b0,0x00000000c5e00000)
 Metaspace       used 48196K, committed 49536K, reserved 1114112K
  class space    used 5066K, committed 5696K, reserved 1048576K
}
Event: 5.066 GC heap after
{Heap after GC invocations=52 (full 2):
 PSYoungGen      total 9216K, used 1339K [0x00000000eab00000, 0x00000000eb600000, 0x0000000100000000)
  eden space 7680K, 0% used [0x00000000eab00000,0x00000000eab00000,0x00000000eb280000)
  from space 1536K, 87% used [0x00000000eb480000,0x00000000eb5cecb8,0x00000000eb600000)
  to   space 1536K, 0% used [0x00000000eb300000,0x00000000eb300000,0x00000000eb480000)
 ParOldGen       total 97792K, used 97663K [0x00000000c0000000, 0x00000000c5f80000, 0x00000000eab00000)
  object space 97792K, 99% used [0x00000000c0000000,0x00000000c5f5feb8,0x00000000c5f80000)
 Metaspace       used 48196K, committed 49536K, reserved 1114112K
  class space    used 5066K, committed 5696K, reserved 1048576K
}
Event: 5.106 GC heap before
{Heap before GC invocations=53 (full 2):
 PSYoungGen      total 9216K, used 9019K [0x00000000eab00000, 0x00000000eb600000, 0x0000000100000000)
  eden space 7680K, 100% used [0x00000000eab00000,0x00000000eb280000,0x00000000eb280000)
  from space 1536K, 87% used [0x00000000eb480000,0x00000000eb5cecb8,0x00000000eb600000)
  to   space 1536K, 0% used [0x00000000eb300000,0x00000000eb300000,0x00000000eb480000)
 ParOldGen       total 97792K, used 97663K [0x00000000c0000000, 0x00000000c5f80000, 0x00000000eab00000)
  object space 97792K, 99% used [0x00000000c0000000,0x00000000c5f5feb8,0x00000000c5f80000)
 Metaspace       used 48566K, committed 49856K, reserved 1114112K
  class space    used 5109K, committed 5696K, reserved 1048576K
}
Event: 5.108 GC heap after
{Heap after GC invocations=53 (full 2):
 PSYoungGen      total 9216K, used 1431K [0x00000000eab00000, 0x00000000eb580000, 0x0000000100000000)
  eden space 7680K, 0% used [0x00000000eab00000,0x00000000eab00000,0x00000000eb280000)
  from space 1536K, 93% used [0x00000000eb300000,0x00000000eb465d70,0x00000000eb480000)
  to   space 1024K, 0% used [0x00000000eb480000,0x00000000eb480000,0x00000000eb580000)
 ParOldGen       total 99328K, used 98826K [0x00000000c0000000, 0x00000000c6100000, 0x00000000eab00000)
  object space 99328K, 99% used [0x00000000c0000000,0x00000000c6082b08,0x00000000c6100000)
 Metaspace       used 48566K, committed 49856K, reserved 1114112K
  class space    used 5109K, committed 5696K, reserved 1048576K
}
Event: 5.171 GC heap before
{Heap before GC invocations=54 (full 2):
 PSYoungGen      total 9216K, used 9106K [0x00000000eab00000, 0x00000000eb580000, 0x0000000100000000)
  eden space 7680K, 99% used [0x00000000eab00000,0x00000000eb27ec50,0x00000000eb280000)
  from space 1536K, 93% used [0x00000000eb300000,0x00000000eb465d70,0x00000000eb480000)
  to   space 1024K, 0% used [0x00000000eb480000,0x00000000eb480000,0x00000000eb580000)
 ParOldGen       total 99328K, used 98826K [0x00000000c0000000, 0x00000000c6100000, 0x00000000eab00000)
  object space 99328K, 99% used [0x00000000c0000000,0x00000000c6082b08,0x00000000c6100000)
 Metaspace       used 48923K, committed 50176K, reserved 1114112K
  class space    used 5145K, committed 5760K, reserved 1048576K
}
Event: 5.287 GC heap after
{Heap after GC invocations=54 (full 2):
 PSYoungGen      total 7168K, used 1022K [0x00000000eab00000, 0x00000000eb980000, 0x0000000100000000)
  eden space 6144K, 0% used [0x00000000eab00000,0x00000000eab00000,0x00000000eb100000)
  from space 1024K, 99% used [0x00000000eb480000,0x00000000eb57f868,0x00000000eb580000)
  to   space 3584K, 0% used [0x00000000eb100000,0x00000000eb100000,0x00000000eb480000)
 ParOldGen       total 100864K, used 100737K [0x00000000c0000000, 0x00000000c6280000, 0x00000000eab00000)
  object space 100864K, 99% used [0x00000000c0000000,0x00000000c6260768,0x00000000c6280000)
 Metaspace       used 48923K, committed 50176K, reserved 1114112K
  class space    used 5145K, committed 5760K, reserved 1048576K
}
Event: 5.312 GC heap before
{Heap before GC invocations=55 (full 2):
 PSYoungGen      total 7168K, used 7166K [0x00000000eab00000, 0x00000000eb980000, 0x0000000100000000)
  eden space 6144K, 100% used [0x00000000eab00000,0x00000000eb100000,0x00000000eb100000)
  from space 1024K, 99% used [0x00000000eb480000,0x00000000eb57f868,0x00000000eb580000)
  to   space 3584K, 0% used [0x00000000eb100000,0x00000000eb100000,0x00000000eb480000)
 ParOldGen       total 100864K, used 100737K [0x00000000c0000000, 0x00000000c6280000, 0x00000000eab00000)
  object space 100864K, 99% used [0x00000000c0000000,0x00000000c6260768,0x00000000c6280000)
 Metaspace       used 49263K, committed 50496K, reserved 1114112K
  class space    used 5170K, committed 5760K, reserved 1048576K
}
Event: 5.314 GC heap after
{Heap after GC invocations=55 (full 2):
 PSYoungGen      total 7680K, used 1341K [0x00000000eab00000, 0x00000000eb500000, 0x0000000100000000)
  eden space 6144K, 0% used [0x00000000eab00000,0x00000000eab00000,0x00000000eb100000)
  from space 1536K, 87% used [0x00000000eb100000,0x00000000eb24f760,0x00000000eb280000)
  to   space 2048K, 0% used [0x00000000eb300000,0x00000000eb300000,0x00000000eb500000)
 ParOldGen       total 101888K, used 101734K [0x00000000c0000000, 0x00000000c6380000, 0x00000000eab00000)
  object space 101888K, 99% used [0x00000000c0000000,0x00000000c6359950,0x00000000c6380000)
 Metaspace       used 49263K, committed 50496K, reserved 1114112K
  class space    used 5170K, committed 5760K, reserved 1048576K
}
Event: 5.329 GC heap before
{Heap before GC invocations=56 (full 2):
 PSYoungGen      total 7680K, used 7485K [0x00000000eab00000, 0x00000000eb500000, 0x0000000100000000)
  eden space 6144K, 100% used [0x00000000eab00000,0x00000000eb100000,0x00000000eb100000)
  from space 1536K, 87% used [0x00000000eb100000,0x00000000eb24f760,0x00000000eb280000)
  to   space 2048K, 0% used [0x00000000eb300000,0x00000000eb300000,0x00000000eb500000)
 ParOldGen       total 101888K, used 101734K [0x00000000c0000000, 0x00000000c6380000, 0x00000000eab00000)
  object space 101888K, 99% used [0x00000000c0000000,0x00000000c6359950,0x00000000c6380000)
 Metaspace       used 49539K, committed 50816K, reserved 1114112K
  class space    used 5191K, committed 5824K, reserved 1048576K
}
Event: 5.330 GC heap after
{Heap after GC invocations=56 (full 2):
 PSYoungGen      total 8192K, used 1501K [0x00000000eab00000, 0x00000000eb500000, 0x0000000100000000)
  eden space 6144K, 0% used [0x00000000eab00000,0x00000000eab00000,0x00000000eb100000)
  from space 2048K, 73% used [0x00000000eb300000,0x00000000eb477408,0x00000000eb500000)
  to   space 2048K, 0% used [0x00000000eb100000,0x00000000eb100000,0x00000000eb300000)
 ParOldGen       total 103424K, used 102935K [0x00000000c0000000, 0x00000000c6500000, 0x00000000eab00000)
  object space 103424K, 99% used [0x00000000c0000000,0x00000000c6485e20,0x00000000c6500000)
 Metaspace       used 49539K, committed 50816K, reserved 1114112K
  class space    used 5191K, committed 5824K, reserved 1048576K
}
Event: 5.345 GC heap before
{Heap before GC invocations=57 (full 2):
 PSYoungGen      total 8192K, used 7645K [0x00000000eab00000, 0x00000000eb500000, 0x0000000100000000)
  eden space 6144K, 100% used [0x00000000eab00000,0x00000000eb100000,0x00000000eb100000)
  from space 2048K, 73% used [0x00000000eb300000,0x00000000eb477408,0x00000000eb500000)
  to   space 2048K, 0% used [0x00000000eb100000,0x00000000eb100000,0x00000000eb300000)
 ParOldGen       total 103424K, used 102946K [0x00000000c0000000, 0x00000000c6500000, 0x00000000eab00000)
  object space 103424K, 99% used [0x00000000c0000000,0x00000000c6488980,0x00000000c6500000)
 Metaspace       used 49829K, committed 51072K, reserved 1114112K
  class space    used 5228K, committed 5824K, reserved 1048576K
}

